Started GET "/" for ::1 at 2019-12-06 10:40:20 -0500
  
ActiveRecord::NoDatabaseError (FATAL:  database "songs_app_api_development" does not exist
):
  
activerecord (5.2.4) lib/active_record/connection_adapters/postgresql_adapter.rb:696:in `rescue in connect'
activerecord (5.2.4) lib/active_record/connection_adapters/postgresql_adapter.rb:691:in `connect'
activerecord (5.2.4) lib/active_record/connection_adapters/postgresql_adapter.rb:223:in `initialize'
activerecord (5.2.4) lib/active_record/connection_adapters/postgresql_adapter.rb:48:in `new'
activerecord (5.2.4) lib/active_record/connection_adapters/postgresql_adapter.rb:48:in `postgresql_connection'
activerecord (5.2.4) lib/active_record/connection_adapters/abstract/connection_pool.rb:830:in `new_connection'
activerecord (5.2.4) lib/active_record/connection_adapters/abstract/connection_pool.rb:874:in `checkout_new_connection'
activerecord (5.2.4) lib/active_record/connection_adapters/abstract/connection_pool.rb:853:in `try_to_checkout_new_connection'
activerecord (5.2.4) lib/active_record/connection_adapters/abstract/connection_pool.rb:814:in `acquire_connection'
activerecord (5.2.4) lib/active_record/connection_adapters/abstract/connection_pool.rb:538:in `checkout'
activerecord (5.2.4) lib/active_record/connection_adapters/abstract/connection_pool.rb:382:in `connection'
activerecord (5.2.4) lib/active_record/connection_adapters/abstract/connection_pool.rb:1033:in `retrieve_connection'
activerecord (5.2.4) lib/active_record/connection_handling.rb:118:in `retrieve_connection'
activerecord (5.2.4) lib/active_record/connection_handling.rb:90:in `connection'
activerecord (5.2.4) lib/active_record/migration.rb:554:in `call'
actionpack (5.2.4) lib/action_dispatch/middleware/callbacks.rb:28:in `block in call'
activesupport (5.2.4) lib/active_support/callbacks.rb:98:in `run_callbacks'
actionpack (5.2.4) lib/action_dispatch/middleware/callbacks.rb:26:in `call'
actionpack (5.2.4) lib/action_dispatch/middleware/executor.rb:14:in `call'
actionpack (5.2.4) lib/action_dispatch/middleware/debug_exceptions.rb:61:in `call'
actionpack (5.2.4) lib/action_dispatch/middleware/show_exceptions.rb:33:in `call'
railties (5.2.4) lib/rails/rack/logger.rb:38:in `call_app'
railties (5.2.4) lib/rails/rack/logger.rb:26:in `block in call'
activesupport (5.2.4) lib/active_support/tagged_logging.rb:71:in `block in tagged'
activesupport (5.2.4) lib/active_support/tagged_logging.rb:28:in `tagged'
activesupport (5.2.4) lib/active_support/tagged_logging.rb:71:in `tagged'
railties (5.2.4) lib/rails/rack/logger.rb:26:in `call'
actionpack (5.2.4) lib/action_dispatch/middleware/remote_ip.rb:81:in `call'
actionpack (5.2.4) lib/action_dispatch/middleware/request_id.rb:27:in `call'
rack (2.0.7) lib/rack/runtime.rb:22:in `call'
activesupport (5.2.4) lib/active_support/cache/strategy/local_cache_middleware.rb:29:in `call'
actionpack (5.2.4) lib/action_dispatch/middleware/executor.rb:14:in `call'
actionpack (5.2.4) lib/action_dispatch/middleware/static.rb:127:in `call'
rack (2.0.7) lib/rack/sendfile.rb:111:in `call'
railties (5.2.4) lib/rails/engine.rb:524:in `call'
puma (3.12.2) lib/puma/configuration.rb:227:in `call'
puma (3.12.2) lib/puma/server.rb:674:in `handle_request'
puma (3.12.2) lib/puma/server.rb:476:in `process_client'
puma (3.12.2) lib/puma/server.rb:334:in `block in run'
puma (3.12.2) lib/puma/thread_pool.rb:135:in `block in spawn_thread'
  [1m[35m (528.1ms)[0m  [1m[35mCREATE DATABASE "songs_app_api_development" ENCODING = 'unicode'[0m
  ↳ bin/rails:9
  [1m[35m (444.1ms)[0m  [1m[35mCREATE DATABASE "songs_app_api_test" ENCODING = 'unicode'[0m
  ↳ bin/rails:9
Started GET "/" for ::1 at 2019-12-06 10:41:01 -0500
Processing by Rails::WelcomeController#index as HTML
  Rendering /Users/donovan/.rvm/gems/ruby-2.6.3/gems/railties-5.2.4/lib/rails/templates/rails/welcome/index.html.erb
  Rendered /Users/donovan/.rvm/gems/ruby-2.6.3/gems/railties-5.2.4/lib/rails/templates/rails/welcome/index.html.erb (3.4ms)
Completed 200 OK in 6ms (Views: 5.1ms | ActiveRecord: 0.0ms)


  [1m[35m (22.0ms)[0m  [1m[35mCREATE TABLE "schema_migrations" ("version" character varying NOT NULL PRIMARY KEY)[0m
  ↳ bin/rails:9
  [1m[35m (20.2ms)[0m  [1m[35mCREATE TABLE "ar_internal_metadata" ("key" character varying NOT NULL PRIMARY KEY, "value" character varying, "created_at" timestamp NOT NULL, "updated_at" timestamp NOT NULL)[0m
  ↳ bin/rails:9
  [1m[35m (0.3ms)[0m  [1m[34mSELECT pg_try_advisory_lock(5838994508422185915)[0m
  ↳ bin/rails:9
  [1m[35m (0.4ms)[0m  [1m[34mSELECT "schema_migrations"."version" FROM "schema_migrations" ORDER BY "schema_migrations"."version" ASC[0m
  ↳ bin/rails:9
Migrating to CreateSongs (20191206154325)
  [1m[35m (0.1ms)[0m  [1m[35mBEGIN[0m
  ↳ bin/rails:9
  [1m[35m (15.9ms)[0m  [1m[35mCREATE TABLE "songs" ("id" bigserial primary key, "title" character varying, "artist_name" character varying, "artwork" character varying)[0m
  ↳ db/migrate/20191206154325_create_songs.rb:3
  [1m[36mActiveRecord::SchemaMigration Create (0.5ms)[0m  [1m[32mINSERT INTO "schema_migrations" ("version") VALUES ($1) RETURNING "version"[0m  [["version", "20191206154325"]]
  ↳ bin/rails:9
  [1m[35m (5.2ms)[0m  [1m[35mCOMMIT[0m
  ↳ bin/rails:9
  [1m[36mActiveRecord::InternalMetadata Load (0.3ms)[0m  [1m[34mSELECT  "ar_internal_metadata".* FROM "ar_internal_metadata" WHERE "ar_internal_metadata"."key" = $1 LIMIT $2[0m  [["key", "environment"], ["LIMIT", 1]]
  ↳ bin/rails:9
  [1m[35m (0.2ms)[0m  [1m[35mBEGIN[0m
  ↳ bin/rails:9
  [1m[36mActiveRecord::InternalMetadata Create (0.5ms)[0m  [1m[32mINSERT INTO "ar_internal_metadata" ("key", "value", "created_at", "updated_at") VALUES ($1, $2, $3, $4) RETURNING "key"[0m  [["key", "environment"], ["value", "development"], ["created_at", "2019-12-06 15:45:40.141659"], ["updated_at", "2019-12-06 15:45:40.141659"]]
  ↳ bin/rails:9
  [1m[35m (5.7ms)[0m  [1m[35mCOMMIT[0m
  ↳ bin/rails:9
  [1m[35m (0.2ms)[0m  [1m[34mSELECT pg_advisory_unlock(5838994508422185915)[0m
  ↳ bin/rails:9
  [1m[35m (0.2ms)[0m  [1m[34mSELECT "schema_migrations"."version" FROM "schema_migrations" ORDER BY "schema_migrations"."version" ASC[0m
  ↳ bin/rails:9
  [1m[35m (0.5ms)[0m  [1m[34mSELECT "schema_migrations"."version" FROM "schema_migrations" ORDER BY "schema_migrations"."version" ASC[0m
  ↳ bin/rails:9
  [1m[35m (0.1ms)[0m  [1m[35mBEGIN[0m
  ↳ db/seeds.rb:9
  [1m[36mSong Create (0.8ms)[0m  [1m[32mINSERT INTO "songs" ("title", "artist_name", "artwork") VALUES ($1, $2, $3) RETURNING "id"[0m  [["title", "Artisan occupy authentic."], ["artist_name", "Wyoming foes"], ["artwork", "https://placehold.it/50x50.png"]]
  ↳ db/seeds.rb:9
  [1m[35m (11.2ms)[0m  [1m[35mCOMMIT[0m
  ↳ db/seeds.rb:9
  [1m[35m (0.2ms)[0m  [1m[35mBEGIN[0m
  ↳ db/seeds.rb:9
  [1m[36mSong Create (0.4ms)[0m  [1m[32mINSERT INTO "songs" ("title", "artist_name", "artwork") VALUES ($1, $2, $3) RETURNING "id"[0m  [["title", "Listicle microdosing chambray master aesthetic intelligentsia."], ["artist_name", "Nevada pigs"], ["artwork", "https://placehold.it/50x50.png"]]
  ↳ db/seeds.rb:9
  [1m[35m (5.4ms)[0m  [1m[35mCOMMIT[0m
  ↳ db/seeds.rb:9
  [1m[35m (0.2ms)[0m  [1m[35mBEGIN[0m
  ↳ db/seeds.rb:9
  [1m[36mSong Create (0.4ms)[0m  [1m[32mINSERT INTO "songs" ("title", "artist_name", "artwork") VALUES ($1, $2, $3) RETURNING "id"[0m  [["title", "Intelligentsia roof williamsburg normcore direct trade."], ["artist_name", "North Carolina druids"], ["artwork", "https://placehold.it/50x50.png"]]
  ↳ db/seeds.rb:9
  [1m[35m (0.5ms)[0m  [1m[35mCOMMIT[0m
  ↳ db/seeds.rb:9
  [1m[35m (0.2ms)[0m  [1m[35mBEGIN[0m
  ↳ db/seeds.rb:9
  [1m[36mSong Create (0.3ms)[0m  [1m[32mINSERT INTO "songs" ("title", "artist_name", "artwork") VALUES ($1, $2, $3) RETURNING "id"[0m  [["title", "Master messenger bag iphone stumptown retro knausgaard."], ["artist_name", "Hawaii owls"], ["artwork", "https://placehold.it/50x50.png"]]
  ↳ db/seeds.rb:9
  [1m[35m (0.4ms)[0m  [1m[35mCOMMIT[0m
  ↳ db/seeds.rb:9
  [1m[35m (0.1ms)[0m  [1m[35mBEGIN[0m
  ↳ db/seeds.rb:9
  [1m[36mSong Create (0.2ms)[0m  [1m[32mINSERT INTO "songs" ("title", "artist_name", "artwork") VALUES ($1, $2, $3) RETURNING "id"[0m  [["title", "Bushwick yuccie health messenger bag."], ["artist_name", "New Jersey crows"], ["artwork", "https://placehold.it/50x50.png"]]
  ↳ db/seeds.rb:9
  [1m[35m (0.3ms)[0m  [1m[35mCOMMIT[0m
  ↳ db/seeds.rb:9
  [1m[35m (0.1ms)[0m  [1m[35mBEGIN[0m
  ↳ db/seeds.rb:9
  [1m[36mSong Create (0.2ms)[0m  [1m[32mINSERT INTO "songs" ("title", "artist_name", "artwork") VALUES ($1, $2, $3) RETURNING "id"[0m  [["title", "Williamsburg typewriter paleo mustache hashtag art party roof."], ["artist_name", "Maine pigs"], ["artwork", "https://placehold.it/50x50.png"]]
  ↳ db/seeds.rb:9
  [1m[35m (0.3ms)[0m  [1m[35mCOMMIT[0m
  ↳ db/seeds.rb:9
  [1m[35m (0.2ms)[0m  [1m[35mBEGIN[0m
  ↳ db/seeds.rb:9
  [1m[36mSong Create (0.2ms)[0m  [1m[32mINSERT INTO "songs" ("title", "artist_name", "artwork") VALUES ($1, $2, $3) RETURNING "id"[0m  [["title", "Vinegar tilde vegan 8-bit shoreditch."], ["artist_name", "Maine spirits"], ["artwork", "https://placehold.it/50x50.png"]]
  ↳ db/seeds.rb:9
  [1m[35m (0.3ms)[0m  [1m[35mCOMMIT[0m
  ↳ db/seeds.rb:9
  [1m[35m (0.1ms)[0m  [1m[35mBEGIN[0m
  ↳ db/seeds.rb:9
  [1m[36mSong Create (0.2ms)[0m  [1m[32mINSERT INTO "songs" ("title", "artist_name", "artwork") VALUES ($1, $2, $3) RETURNING "id"[0m  [["title", "Artisan sartorial bespoke mumblecore paleo kale chips."], ["artist_name", "South Carolina oracles"], ["artwork", "https://placehold.it/50x50.png"]]
  ↳ db/seeds.rb:9
  [1m[35m (0.3ms)[0m  [1m[35mCOMMIT[0m
  ↳ db/seeds.rb:9
  [1m[35m (0.1ms)[0m  [1m[35mBEGIN[0m
  ↳ db/seeds.rb:9
  [1m[36mSong Create (0.2ms)[0m  [1m[32mINSERT INTO "songs" ("title", "artist_name", "artwork") VALUES ($1, $2, $3) RETURNING "id"[0m  [["title", "Cronut vhs tilde banh mi."], ["artist_name", "Pennsylvania dolphins"], ["artwork", "https://placehold.it/50x50.png"]]
  ↳ db/seeds.rb:9
  [1m[35m (0.3ms)[0m  [1m[35mCOMMIT[0m
  ↳ db/seeds.rb:9
  [1m[35m (0.1ms)[0m  [1m[35mBEGIN[0m
  ↳ db/seeds.rb:9
  [1m[36mSong Create (0.3ms)[0m  [1m[32mINSERT INTO "songs" ("title", "artist_name", "artwork") VALUES ($1, $2, $3) RETURNING "id"[0m  [["title", "Direct trade gentrify celiac flexitarian keffiyeh post-ironic farm-to-table thundercats."], ["artist_name", "North Dakota sorcerors"], ["artwork", "https://placehold.it/50x50.png"]]
  ↳ db/seeds.rb:9
  [1m[35m (0.3ms)[0m  [1m[35mCOMMIT[0m
  ↳ db/seeds.rb:9
  [1m[36mSong Load (0.3ms)[0m  [1m[34mSELECT  "songs".* FROM "songs" LIMIT $1[0m  [["LIMIT", 11]]
  [1m[36mSong Load (0.6ms)[0m  [1m[34mSELECT "songs".* FROM "songs"[0m
  [1m[36mSong Load (0.5ms)[0m  [1m[34mSELECT "songs".* FROM "songs"[0m
  [1m[36mSong Load (0.5ms)[0m  [1m[34mSELECT  "songs".* FROM "songs" LIMIT $1[0m  [["LIMIT", 11]]
  [1m[36mSong Load (0.5ms)[0m  [1m[34mSELECT "songs".* FROM "songs"[0m
Started GET "/songs" for ::1 at 2019-12-06 11:19:55 -0500
  [1m[35m (0.5ms)[0m  [1m[34mSELECT "schema_migrations"."version" FROM "schema_migrations" ORDER BY "schema_migrations"."version" ASC[0m
  ↳ /Users/donovan/.rvm/rubies/ruby-2.6.3/lib/ruby/gems/2.6.0/gems/rack-2.0.7/lib/rack/runtime.rb:22
Processing by SongsController#index as HTML
Completed 500 Internal Server Error in 91ms (ActiveRecord: 0.0ms)


  
NameError (undefined local variable or method `hi' for #<SongsController:0x00007fdb3ed63aa0>):
  
app/controllers/songs_controller.rb:3:in `index'
Started GET "/songs" for ::1 at 2019-12-06 11:20:01 -0500
Processing by SongsController#index as HTML
Completed 200 OK in 0ms (Views: 0.1ms | ActiveRecord: 0.0ms)


Started GET "/index" for ::1 at 2019-12-06 11:21:29 -0500
  
ActionController::RoutingError (No route matches [GET] "/index"):
  
actionpack (5.2.4) lib/action_dispatch/middleware/debug_exceptions.rb:65:in `call'
actionpack (5.2.4) lib/action_dispatch/middleware/show_exceptions.rb:33:in `call'
railties (5.2.4) lib/rails/rack/logger.rb:38:in `call_app'
railties (5.2.4) lib/rails/rack/logger.rb:26:in `block in call'
activesupport (5.2.4) lib/active_support/tagged_logging.rb:71:in `block in tagged'
activesupport (5.2.4) lib/active_support/tagged_logging.rb:28:in `tagged'
activesupport (5.2.4) lib/active_support/tagged_logging.rb:71:in `tagged'
railties (5.2.4) lib/rails/rack/logger.rb:26:in `call'
actionpack (5.2.4) lib/action_dispatch/middleware/remote_ip.rb:81:in `call'
actionpack (5.2.4) lib/action_dispatch/middleware/request_id.rb:27:in `call'
rack (2.0.7) lib/rack/runtime.rb:22:in `call'
activesupport (5.2.4) lib/active_support/cache/strategy/local_cache_middleware.rb:29:in `call'
actionpack (5.2.4) lib/action_dispatch/middleware/executor.rb:14:in `call'
actionpack (5.2.4) lib/action_dispatch/middleware/static.rb:127:in `call'
rack (2.0.7) lib/rack/sendfile.rb:111:in `call'
railties (5.2.4) lib/rails/engine.rb:524:in `call'
puma (3.12.2) lib/puma/configuration.rb:227:in `call'
puma (3.12.2) lib/puma/server.rb:674:in `handle_request'
puma (3.12.2) lib/puma/server.rb:476:in `process_client'
puma (3.12.2) lib/puma/server.rb:334:in `block in run'
puma (3.12.2) lib/puma/thread_pool.rb:135:in `block in spawn_thread'
Started GET "/asdf" for ::1 at 2019-12-06 11:22:41 -0500
  
ActionController::RoutingError (No route matches [GET] "/asdf"):
  
actionpack (5.2.4) lib/action_dispatch/middleware/debug_exceptions.rb:65:in `call'
actionpack (5.2.4) lib/action_dispatch/middleware/show_exceptions.rb:33:in `call'
railties (5.2.4) lib/rails/rack/logger.rb:38:in `call_app'
railties (5.2.4) lib/rails/rack/logger.rb:26:in `block in call'
activesupport (5.2.4) lib/active_support/tagged_logging.rb:71:in `block in tagged'
activesupport (5.2.4) lib/active_support/tagged_logging.rb:28:in `tagged'
activesupport (5.2.4) lib/active_support/tagged_logging.rb:71:in `tagged'
railties (5.2.4) lib/rails/rack/logger.rb:26:in `call'
actionpack (5.2.4) lib/action_dispatch/middleware/remote_ip.rb:81:in `call'
actionpack (5.2.4) lib/action_dispatch/middleware/request_id.rb:27:in `call'
rack (2.0.7) lib/rack/runtime.rb:22:in `call'
activesupport (5.2.4) lib/active_support/cache/strategy/local_cache_middleware.rb:29:in `call'
actionpack (5.2.4) lib/action_dispatch/middleware/executor.rb:14:in `call'
actionpack (5.2.4) lib/action_dispatch/middleware/static.rb:127:in `call'
rack (2.0.7) lib/rack/sendfile.rb:111:in `call'
railties (5.2.4) lib/rails/engine.rb:524:in `call'
puma (3.12.2) lib/puma/configuration.rb:227:in `call'
puma (3.12.2) lib/puma/server.rb:674:in `handle_request'
puma (3.12.2) lib/puma/server.rb:476:in `process_client'
puma (3.12.2) lib/puma/server.rb:334:in `block in run'
puma (3.12.2) lib/puma/thread_pool.rb:135:in `block in spawn_thread'
Started GET "/songs" for ::1 at 2019-12-06 11:26:07 -0500
Processing by SongsController#index as HTML
Completed 200 OK in 0ms (Views: 0.1ms | ActiveRecord: 0.0ms)


Started GET "/songs" for ::1 at 2019-12-06 11:26:18 -0500
Processing by SongsController#index as HTML
Completed 200 OK in 0ms (Views: 0.1ms | ActiveRecord: 0.0ms)


Started GET "/songs" for ::1 at 2019-12-06 11:27:35 -0500
Processing by SongsController#index as HTML
  [1m[36mSong Load (0.4ms)[0m  [1m[34mSELECT "songs".* FROM "songs"[0m
  ↳ app/controllers/songs_controller.rb:3
Completed 200 OK in 9ms (Views: 4.5ms | ActiveRecord: 3.8ms)


Started GET "/songs" for ::1 at 2019-12-06 11:30:53 -0500
Processing by SongsController#index as HTML
  [1m[36mSong Load (0.4ms)[0m  [1m[34mSELECT "songs".* FROM "songs"[0m
  ↳ app/controllers/songs_controller.rb:3
Completed 200 OK in 10ms (Views: 4.5ms | ActiveRecord: 3.7ms)


Started GET "/songs/1" for ::1 at 2019-12-06 11:33:22 -0500
Processing by SongsController#show as HTML
  Parameters: {"id"=>"1"}
  [1m[36mSong Load (0.2ms)[0m  [1m[34mSELECT  "songs".* FROM "songs" WHERE "songs"."id" = $1 LIMIT $2[0m  [["id", 1], ["LIMIT", 1]]
  ↳ app/controllers/songs_controller.rb:7
Completed 200 OK in 9ms (Views: 0.2ms | ActiveRecord: 3.3ms)


Started GET "/songs/2" for ::1 at 2019-12-06 11:33:25 -0500
Processing by SongsController#show as HTML
  Parameters: {"id"=>"2"}
  [1m[36mSong Load (0.3ms)[0m  [1m[34mSELECT  "songs".* FROM "songs" WHERE "songs"."id" = $1 LIMIT $2[0m  [["id", 2], ["LIMIT", 1]]
  ↳ app/controllers/songs_controller.rb:7
Completed 200 OK in 1ms (Views: 0.2ms | ActiveRecord: 0.3ms)


Started GET "/songs/3" for ::1 at 2019-12-06 11:33:28 -0500
Processing by SongsController#show as HTML
  Parameters: {"id"=>"3"}
  [1m[36mSong Load (0.2ms)[0m  [1m[34mSELECT  "songs".* FROM "songs" WHERE "songs"."id" = $1 LIMIT $2[0m  [["id", 3], ["LIMIT", 1]]
  ↳ app/controllers/songs_controller.rb:7
Completed 200 OK in 1ms (Views: 0.2ms | ActiveRecord: 0.2ms)


Started GET "/songs/3" for ::1 at 2019-12-06 11:34:50 -0500
Processing by SongsController#show as HTML
  Parameters: {"id"=>"3"}
  [1m[36mSong Load (0.2ms)[0m  [1m[34mSELECT  "songs".* FROM "songs" WHERE "songs"."id" = $1 LIMIT $2[0m  [["id", 3], ["LIMIT", 1]]
  ↳ app/controllers/songs_controller.rb:7
Completed 200 OK in 8ms (Views: 0.2ms | ActiveRecord: 3.0ms)


Started GET "/songs/3" for ::1 at 2019-12-06 11:35:04 -0500
Processing by SongsController#show as HTML
  Parameters: {"id"=>"3"}
  [1m[36mSong Load (0.2ms)[0m  [1m[34mSELECT  "songs".* FROM "songs" WHERE "songs"."id" = $1 LIMIT $2[0m  [["id", 1], ["LIMIT", 1]]
  ↳ app/controllers/songs_controller.rb:7
Completed 200 OK in 8ms (Views: 0.2ms | ActiveRecord: 2.9ms)


Started GET "/songs/5" for ::1 at 2019-12-06 11:35:10 -0500
Processing by SongsController#show as HTML
  Parameters: {"id"=>"5"}
  [1m[36mSong Load (0.2ms)[0m  [1m[34mSELECT  "songs".* FROM "songs" WHERE "songs"."id" = $1 LIMIT $2[0m  [["id", 1], ["LIMIT", 1]]
  ↳ app/controllers/songs_controller.rb:7
Completed 200 OK in 1ms (Views: 0.2ms | ActiveRecord: 0.2ms)


Started GET "/songs/5" for ::1 at 2019-12-06 11:35:22 -0500
Processing by SongsController#show as HTML
  Parameters: {"id"=>"5"}
  [1m[36mSong Load (0.1ms)[0m  [1m[34mSELECT  "songs".* FROM "songs" WHERE "songs"."id" = $1 LIMIT $2[0m  [["id", 5], ["LIMIT", 1]]
  ↳ app/controllers/songs_controller.rb:7
Completed 200 OK in 8ms (Views: 0.2ms | ActiveRecord: 2.9ms)


Started GET "/songs/5" for ::1 at 2019-12-06 11:36:02 -0500
Processing by SongsController#show as HTML
  Parameters: {"id"=>"5"}
  [1m[36mSong Load (0.1ms)[0m  [1m[34mSELECT  "songs".* FROM "songs" WHERE "songs"."id" = $1 LIMIT $2[0m  [["id", 5], ["LIMIT", 1]]
  ↳ app/controllers/songs_controller.rb:8
Completed 200 OK in 8ms (Views: 0.2ms | ActiveRecord: 2.8ms)


Started POST "/songs" for ::1 at 2019-12-06 12:06:56 -0500
Processing by SongsController#create as */*
  Parameters: {"song"=>{"title"=>"Power", "artist_name"=>"Kanye", "artwork"=>"None"}}
  [1m[35m (0.1ms)[0m  [1m[35mBEGIN[0m
  ↳ app/controllers/songs_controller.rb:15
  [1m[36mSong Create (0.6ms)[0m  [1m[32mINSERT INTO "songs" ("title", "artist_name", "artwork") VALUES ($1, $2, $3) RETURNING "id"[0m  [["title", "Power"], ["artist_name", "Kanye"], ["artwork", "None"]]
  ↳ app/controllers/songs_controller.rb:15
  [1m[35m (0.8ms)[0m  [1m[35mCOMMIT[0m
  ↳ app/controllers/songs_controller.rb:15
Completed 200 OK in 36ms (Views: 0.3ms | ActiveRecord: 29.1ms)


Started POST "/songs" for ::1 at 2019-12-06 12:13:48 -0500
Processing by SongsController#create as */*
  Parameters: {"song"=>{"title"=>"Power", "asdfartist_name"=>"Kanye", "artwork"=>"None"}}
Unpermitted parameter: :asdfartist_name
  [1m[35m (0.2ms)[0m  [1m[35mBEGIN[0m
  ↳ app/controllers/songs_controller.rb:15
  [1m[36mSong Create (0.7ms)[0m  [1m[32mINSERT INTO "songs" ("title", "artwork") VALUES ($1, $2) RETURNING "id"[0m  [["title", "Power"], ["artwork", "None"]]
  ↳ app/controllers/songs_controller.rb:15
  [1m[35m (0.9ms)[0m  [1m[35mCOMMIT[0m
  ↳ app/controllers/songs_controller.rb:15
Completed 200 OK in 3ms (Views: 0.2ms | ActiveRecord: 1.7ms)


Started POST "/songs" for ::1 at 2019-12-06 12:18:24 -0500
Processing by SongsController#create as */*
  Parameters: {"song"=>{"title"=>"Power", "zartist_name"=>"Kanye", "artwork"=>"None"}}
Unpermitted parameter: :zartist_name
  [1m[35m (0.1ms)[0m  [1m[35mBEGIN[0m
  ↳ app/controllers/songs_controller.rb:15
  [1m[35m (0.2ms)[0m  [1m[31mROLLBACK[0m
  ↳ app/controllers/songs_controller.rb:15
Completed 200 OK in 16ms (Views: 0.2ms | ActiveRecord: 6.0ms)


Started GET "/songs/1" for ::1 at 2019-12-06 12:22:36 -0500
Processing by SongsController#show as */*
  Parameters: {"song"=>{"title"=>"Power", "zartist_name"=>"Kanye", "artwork"=>"None"}, "id"=>"1"}
  [1m[36mSong Load (0.3ms)[0m  [1m[34mSELECT  "songs".* FROM "songs" WHERE "songs"."id" = $1 LIMIT $2[0m  [["id", 1], ["LIMIT", 1]]
  ↳ app/controllers/songs_controller.rb:8
Completed 200 OK in 9ms (Views: 0.2ms | ActiveRecord: 3.5ms)


Started PUT "/songs/1" for ::1 at 2019-12-06 12:23:33 -0500
Processing by SongsController#update as */*
  Parameters: {"song"=>{"title"=>"Stronger", "zartist_name"=>"Kanye", "artwork"=>"None"}, "id"=>"1"}
  [1m[36mSong Load (0.3ms)[0m  [1m[34mSELECT  "songs".* FROM "songs" WHERE "songs"."id" = $1 LIMIT $2[0m  [["id", 1], ["LIMIT", 1]]
  ↳ app/controllers/songs_controller.rb:24
Unpermitted parameter: :zartist_name
  [1m[35m (0.1ms)[0m  [1m[35mBEGIN[0m
  ↳ app/controllers/songs_controller.rb:25
  [1m[36mSong Update (0.4ms)[0m  [1m[33mUPDATE "songs" SET "title" = $1, "artwork" = $2 WHERE "songs"."id" = $3[0m  [["title", "Stronger"], ["artwork", "None"], ["id", 1]]
  ↳ app/controllers/songs_controller.rb:25
  [1m[35m (1.0ms)[0m  [1m[35mCOMMIT[0m
  ↳ app/controllers/songs_controller.rb:25
Completed 200 OK in 5ms (Views: 0.2ms | ActiveRecord: 1.8ms)


Started PUT "/songs/2" for ::1 at 2019-12-06 12:23:57 -0500
Processing by SongsController#update as */*
  Parameters: {"song"=>{"title"=>"Stronger", "artist_name"=>"Kanye", "artwork"=>"None"}, "id"=>"2"}
  [1m[36mSong Load (0.3ms)[0m  [1m[34mSELECT  "songs".* FROM "songs" WHERE "songs"."id" = $1 LIMIT $2[0m  [["id", 2], ["LIMIT", 1]]
  ↳ app/controllers/songs_controller.rb:24
  [1m[35m (0.1ms)[0m  [1m[35mBEGIN[0m
  ↳ app/controllers/songs_controller.rb:25
  [1m[36mSong Update (0.4ms)[0m  [1m[33mUPDATE "songs" SET "title" = $1, "artist_name" = $2, "artwork" = $3 WHERE "songs"."id" = $4[0m  [["title", "Stronger"], ["artist_name", "Kanye"], ["artwork", "None"], ["id", 2]]
  ↳ app/controllers/songs_controller.rb:25
  [1m[35m (0.9ms)[0m  [1m[35mCOMMIT[0m
  ↳ app/controllers/songs_controller.rb:25
Completed 200 OK in 4ms (Views: 0.2ms | ActiveRecord: 1.7ms)


Started PUT "/songs/3" for ::1 at 2019-12-06 12:24:00 -0500
Processing by SongsController#update as */*
  Parameters: {"song"=>{"title"=>"Stronger", "artist_name"=>"Kanye", "artwork"=>"None"}, "id"=>"3"}
  [1m[36mSong Load (0.3ms)[0m  [1m[34mSELECT  "songs".* FROM "songs" WHERE "songs"."id" = $1 LIMIT $2[0m  [["id", 3], ["LIMIT", 1]]
  ↳ app/controllers/songs_controller.rb:24
  [1m[35m (0.1ms)[0m  [1m[35mBEGIN[0m
  ↳ app/controllers/songs_controller.rb:25
  [1m[36mSong Update (0.3ms)[0m  [1m[33mUPDATE "songs" SET "title" = $1, "artist_name" = $2, "artwork" = $3 WHERE "songs"."id" = $4[0m  [["title", "Stronger"], ["artist_name", "Kanye"], ["artwork", "None"], ["id", 3]]
  ↳ app/controllers/songs_controller.rb:25
  [1m[35m (0.9ms)[0m  [1m[35mCOMMIT[0m
  ↳ app/controllers/songs_controller.rb:25
Completed 200 OK in 4ms (Views: 0.2ms | ActiveRecord: 1.7ms)


Started PUT "/songs/4" for ::1 at 2019-12-06 12:24:04 -0500
Processing by SongsController#update as */*
  Parameters: {"song"=>{"title"=>"Stronger", "artist_name"=>"Kanye", "artwork"=>"None"}, "id"=>"4"}
  [1m[36mSong Load (0.3ms)[0m  [1m[34mSELECT  "songs".* FROM "songs" WHERE "songs"."id" = $1 LIMIT $2[0m  [["id", 4], ["LIMIT", 1]]
  ↳ app/controllers/songs_controller.rb:24
  [1m[35m (0.2ms)[0m  [1m[35mBEGIN[0m
  ↳ app/controllers/songs_controller.rb:25
  [1m[36mSong Update (1.6ms)[0m  [1m[33mUPDATE "songs" SET "title" = $1, "artist_name" = $2, "artwork" = $3 WHERE "songs"."id" = $4[0m  [["title", "Stronger"], ["artist_name", "Kanye"], ["artwork", "None"], ["id", 4]]
  ↳ app/controllers/songs_controller.rb:25
  [1m[35m (5.5ms)[0m  [1m[35mCOMMIT[0m
  ↳ app/controllers/songs_controller.rb:25
Completed 200 OK in 11ms (Views: 0.2ms | ActiveRecord: 7.6ms)


Started GET "/songs/1" for ::1 at 2019-12-06 12:24:12 -0500
Processing by SongsController#show as */*
  Parameters: {"song"=>{"title"=>"Stronger", "artist_name"=>"Kanye", "artwork"=>"None"}, "id"=>"1"}
  [1m[36mSong Load (0.3ms)[0m  [1m[34mSELECT  "songs".* FROM "songs" WHERE "songs"."id" = $1 LIMIT $2[0m  [["id", 1], ["LIMIT", 1]]
  ↳ app/controllers/songs_controller.rb:8
Completed 200 OK in 1ms (Views: 0.2ms | ActiveRecord: 0.3ms)


Started GET "/songs/2" for ::1 at 2019-12-06 12:24:16 -0500
Processing by SongsController#show as */*
  Parameters: {"song"=>{"title"=>"Stronger", "artist_name"=>"Kanye", "artwork"=>"None"}, "id"=>"2"}
  [1m[36mSong Load (0.2ms)[0m  [1m[34mSELECT  "songs".* FROM "songs" WHERE "songs"."id" = $1 LIMIT $2[0m  [["id", 2], ["LIMIT", 1]]
  ↳ app/controllers/songs_controller.rb:8
Completed 200 OK in 1ms (Views: 0.2ms | ActiveRecord: 0.2ms)


Started GET "/songs/3" for ::1 at 2019-12-06 12:24:19 -0500
Processing by SongsController#show as */*
  Parameters: {"song"=>{"title"=>"Stronger", "artist_name"=>"Kanye", "artwork"=>"None"}, "id"=>"3"}
  [1m[36mSong Load (0.2ms)[0m  [1m[34mSELECT  "songs".* FROM "songs" WHERE "songs"."id" = $1 LIMIT $2[0m  [["id", 3], ["LIMIT", 1]]
  ↳ app/controllers/songs_controller.rb:8
Completed 200 OK in 1ms (Views: 0.2ms | ActiveRecord: 0.2ms)


Started GET "/songs/4" for ::1 at 2019-12-06 12:24:32 -0500
Processing by SongsController#show as */*
  Parameters: {"song"=>{"title"=>"Stronger", "artist_name"=>"Kanye", "artwork"=>"None"}, "id"=>"4"}
  [1m[36mSong Load (0.2ms)[0m  [1m[34mSELECT  "songs".* FROM "songs" WHERE "songs"."id" = $1 LIMIT $2[0m  [["id", 4], ["LIMIT", 1]]
  ↳ app/controllers/songs_controller.rb:8
Completed 200 OK in 1ms (Views: 0.3ms | ActiveRecord: 0.2ms)


Started GET "/songs/5" for ::1 at 2019-12-06 12:24:34 -0500
Processing by SongsController#show as */*
  Parameters: {"song"=>{"title"=>"Stronger", "artist_name"=>"Kanye", "artwork"=>"None"}, "id"=>"5"}
  [1m[36mSong Load (0.2ms)[0m  [1m[34mSELECT  "songs".* FROM "songs" WHERE "songs"."id" = $1 LIMIT $2[0m  [["id", 5], ["LIMIT", 1]]
  ↳ app/controllers/songs_controller.rb:8
Completed 200 OK in 1ms (Views: 0.2ms | ActiveRecord: 0.2ms)


Started GET "/songs/2" for ::1 at 2019-12-06 12:24:36 -0500
Processing by SongsController#show as */*
  Parameters: {"song"=>{"title"=>"Stronger", "artist_name"=>"Kanye", "artwork"=>"None"}, "id"=>"2"}
  [1m[36mSong Load (0.2ms)[0m  [1m[34mSELECT  "songs".* FROM "songs" WHERE "songs"."id" = $1 LIMIT $2[0m  [["id", 2], ["LIMIT", 1]]
  ↳ app/controllers/songs_controller.rb:8
Completed 200 OK in 1ms (Views: 0.3ms | ActiveRecord: 0.2ms)


Started GET "/songs/1" for ::1 at 2019-12-06 12:24:37 -0500
Processing by SongsController#show as */*
  Parameters: {"song"=>{"title"=>"Stronger", "artist_name"=>"Kanye", "artwork"=>"None"}, "id"=>"1"}
  [1m[36mSong Load (0.2ms)[0m  [1m[34mSELECT  "songs".* FROM "songs" WHERE "songs"."id" = $1 LIMIT $2[0m  [["id", 1], ["LIMIT", 1]]
  ↳ app/controllers/songs_controller.rb:8
Completed 200 OK in 1ms (Views: 0.2ms | ActiveRecord: 0.2ms)


Started PUT "/songs/1" for ::1 at 2019-12-06 12:25:02 -0500
Processing by SongsController#update as */*
  Parameters: {"song"=>{"title"=>"Can't tell me nothing"}, "id"=>"1"}
  [1m[36mSong Load (0.2ms)[0m  [1m[34mSELECT  "songs".* FROM "songs" WHERE "songs"."id" = $1 LIMIT $2[0m  [["id", 1], ["LIMIT", 1]]
  ↳ app/controllers/songs_controller.rb:24
  [1m[35m (0.1ms)[0m  [1m[35mBEGIN[0m
  ↳ app/controllers/songs_controller.rb:25
  [1m[36mSong Update (0.3ms)[0m  [1m[33mUPDATE "songs" SET "title" = $1 WHERE "songs"."id" = $2[0m  [["title", "Can't tell me nothing"], ["id", 1]]
  ↳ app/controllers/songs_controller.rb:25
  [1m[35m (1.0ms)[0m  [1m[35mCOMMIT[0m
  ↳ app/controllers/songs_controller.rb:25
Completed 200 OK in 4ms (Views: 0.2ms | ActiveRecord: 1.6ms)


Started GET "/songs/1" for ::1 at 2019-12-06 12:25:10 -0500
Processing by SongsController#show as */*
  Parameters: {"song"=>{"title"=>"Can't tell me nothing"}, "id"=>"1"}
  [1m[36mSong Load (0.2ms)[0m  [1m[34mSELECT  "songs".* FROM "songs" WHERE "songs"."id" = $1 LIMIT $2[0m  [["id", 1], ["LIMIT", 1]]
  ↳ app/controllers/songs_controller.rb:8
Completed 200 OK in 1ms (Views: 0.2ms | ActiveRecord: 0.2ms)


Started GET "/songs/" for ::1 at 2019-12-06 12:25:35 -0500
Processing by SongsController#index as */*
  Parameters: {"song"=>{"title"=>"Can't tell me nothing"}}
  [1m[36mSong Load (0.2ms)[0m  [1m[34mSELECT "songs".* FROM "songs"[0m
  ↳ app/controllers/songs_controller.rb:3
Completed 200 OK in 2ms (Views: 1.2ms | ActiveRecord: 0.2ms)


Started GET "/songs/5" for ::1 at 2019-12-06 12:26:07 -0500
Processing by SongsController#show as */*
  Parameters: {"song"=>{"title"=>"Can't tell me nothing"}, "id"=>"5"}
  [1m[36mSong Load (0.2ms)[0m  [1m[34mSELECT  "songs".* FROM "songs" WHERE "songs"."id" = $1 LIMIT $2[0m  [["id", 5], ["LIMIT", 1]]
  ↳ app/controllers/songs_controller.rb:8
Completed 200 OK in 1ms (Views: 0.2ms | ActiveRecord: 0.2ms)


Started GET "/songs/5" for ::1 at 2019-12-06 12:26:31 -0500
Processing by SongsController#show as */*
  Parameters: {"song"=>{"title"=>"Can't tell me nothing"}, "id"=>"5"}
  [1m[36mSong Load (0.2ms)[0m  [1m[34mSELECT  "songs".* FROM "songs" WHERE "songs"."id" = $1 LIMIT $2[0m  [["id", 5], ["LIMIT", 1]]
  ↳ app/controllers/songs_controller.rb:8
Completed 200 OK in 1ms (Views: 0.2ms | ActiveRecord: 0.2ms)


Started PUT "/songs/5" for ::1 at 2019-12-06 12:27:05 -0500
Processing by SongsController#update as */*
  Parameters: {"song"=>{"title"=>"something else"}, "id"=>"5"}
  [1m[36mSong Load (0.2ms)[0m  [1m[34mSELECT  "songs".* FROM "songs" WHERE "songs"."id" = $1 LIMIT $2[0m  [["id", 5], ["LIMIT", 1]]
  ↳ app/controllers/songs_controller.rb:24
  [1m[35m (0.1ms)[0m  [1m[35mBEGIN[0m
  ↳ app/controllers/songs_controller.rb:25
  [1m[36mSong Update (0.3ms)[0m  [1m[33mUPDATE "songs" SET "title" = $1 WHERE "songs"."id" = $2[0m  [["title", "something else"], ["id", 5]]
  ↳ app/controllers/songs_controller.rb:25
  [1m[35m (0.9ms)[0m  [1m[35mCOMMIT[0m
  ↳ app/controllers/songs_controller.rb:25
Completed 200 OK in 14ms (Views: 0.2ms | ActiveRecord: 1.5ms)


Started PUT "/songs" for ::1 at 2019-12-06 12:27:12 -0500
  
ActionController::RoutingError (No route matches [PUT] "/songs"):
  
actionpack (5.2.4) lib/action_dispatch/middleware/debug_exceptions.rb:65:in `call'
actionpack (5.2.4) lib/action_dispatch/middleware/show_exceptions.rb:33:in `call'
railties (5.2.4) lib/rails/rack/logger.rb:38:in `call_app'
railties (5.2.4) lib/rails/rack/logger.rb:26:in `block in call'
activesupport (5.2.4) lib/active_support/tagged_logging.rb:71:in `block in tagged'
activesupport (5.2.4) lib/active_support/tagged_logging.rb:28:in `tagged'
activesupport (5.2.4) lib/active_support/tagged_logging.rb:71:in `tagged'
railties (5.2.4) lib/rails/rack/logger.rb:26:in `call'
actionpack (5.2.4) lib/action_dispatch/middleware/remote_ip.rb:81:in `call'
actionpack (5.2.4) lib/action_dispatch/middleware/request_id.rb:27:in `call'
rack (2.0.7) lib/rack/runtime.rb:22:in `call'
activesupport (5.2.4) lib/active_support/cache/strategy/local_cache_middleware.rb:29:in `call'
actionpack (5.2.4) lib/action_dispatch/middleware/executor.rb:14:in `call'
actionpack (5.2.4) lib/action_dispatch/middleware/static.rb:127:in `call'
rack (2.0.7) lib/rack/sendfile.rb:111:in `call'
railties (5.2.4) lib/rails/engine.rb:524:in `call'
puma (3.12.2) lib/puma/configuration.rb:227:in `call'
puma (3.12.2) lib/puma/server.rb:674:in `handle_request'
puma (3.12.2) lib/puma/server.rb:476:in `process_client'
puma (3.12.2) lib/puma/server.rb:334:in `block in run'
puma (3.12.2) lib/puma/thread_pool.rb:135:in `block in spawn_thread'
Started GET "/songs" for ::1 at 2019-12-06 12:27:18 -0500
Processing by SongsController#index as */*
  Parameters: {"song"=>{"title"=>"something else"}}
  [1m[36mSong Load (0.3ms)[0m  [1m[34mSELECT "songs".* FROM "songs"[0m
  ↳ app/controllers/songs_controller.rb:3
Completed 200 OK in 2ms (Views: 1.3ms | ActiveRecord: 0.3ms)


Started PUT "/songs/5" for ::1 at 2019-12-06 12:28:54 -0500
Processing by SongsController#update as */*
  Parameters: {"song"=>{"title"=>"my new value"}, "id"=>"5"}
  [1m[36mSong Load (0.2ms)[0m  [1m[34mSELECT  "songs".* FROM "songs" WHERE "songs"."id" = $1 LIMIT $2[0m  [["id", 5], ["LIMIT", 1]]
  ↳ app/controllers/songs_controller.rb:24
  [1m[35m (0.1ms)[0m  [1m[35mBEGIN[0m
  ↳ app/controllers/songs_controller.rb:25
  [1m[36mSong Update (0.3ms)[0m  [1m[33mUPDATE "songs" SET "title" = $1 WHERE "songs"."id" = $2[0m  [["title", "my new value"], ["id", 5]]
  ↳ app/controllers/songs_controller.rb:25
  [1m[35m (0.9ms)[0m  [1m[35mCOMMIT[0m
  ↳ app/controllers/songs_controller.rb:25
Completed 200 OK in 3ms (Views: 0.2ms | ActiveRecord: 1.4ms)


Started GET "/songs" for ::1 at 2019-12-06 12:29:32 -0500
Processing by SongsController#index as */*
  Parameters: {"song"=>{"title"=>"my new value"}}
  [1m[36mSong Load (0.2ms)[0m  [1m[34mSELECT "songs".* FROM "songs"[0m
  ↳ app/controllers/songs_controller.rb:3
Completed 200 OK in 2ms (Views: 1.1ms | ActiveRecord: 0.2ms)


Started DELETE "/songs/1" for ::1 at 2019-12-06 12:33:44 -0500
Processing by SongsController#destroy as */*
  Parameters: {"song"=>{"title"=>"my new value"}, "id"=>"1"}
  [1m[36mSong Load (0.2ms)[0m  [1m[34mSELECT  "songs".* FROM "songs" WHERE "songs"."id" = $1 LIMIT $2[0m  [["id", 1], ["LIMIT", 1]]
  ↳ app/controllers/songs_controller.rb:30
  [1m[35m (0.1ms)[0m  [1m[35mBEGIN[0m
  ↳ app/controllers/songs_controller.rb:30
  [1m[36mSong Destroy (0.3ms)[0m  [1m[31mDELETE FROM "songs" WHERE "songs"."id" = $1[0m  [["id", 1]]
  ↳ app/controllers/songs_controller.rb:30
  [1m[35m (5.9ms)[0m  [1m[35mCOMMIT[0m
  ↳ app/controllers/songs_controller.rb:30
Completed 200 OK in 15ms (Views: 0.3ms | ActiveRecord: 9.4ms)


