  [1m[35m (360.2ms)[0m  [1m[35mCREATE DATABASE "dating_app_api_development" ENCODING = 'unicode'[0m
  [1m[35m (126.1ms)[0m  [1m[35mCREATE DATABASE "dating_app_api_test" ENCODING = 'unicode'[0m
  [1m[35m (60.9ms)[0m  [1m[35mCREATE TABLE "schema_migrations" ("version" character varying NOT NULL PRIMARY KEY)[0m
  [1m[35m (7.0ms)[0m  [1m[35mCREATE TABLE "ar_internal_metadata" ("key" character varying NOT NULL PRIMARY KEY, "value" character varying, "created_at" timestamp(6) NOT NULL, "updated_at" timestamp(6) NOT NULL)[0m
  [1m[35m (5.8ms)[0m  [1m[34mSELECT pg_try_advisory_lock(1722971123778292395)[0m
  [1m[35m (0.8ms)[0m  [1m[34mSELECT "schema_migrations"."version" FROM "schema_migrations" ORDER BY "schema_migrations"."version" ASC[0m
Migrating to CreateDaters (20191210013837)
  [1m[35m (0.2ms)[0m  [1m[35mBEGIN[0m
  [1m[35m (11.4ms)[0m  [1m[35mCREATE TABLE "daters" ("id" bigserial primary key, "name" character varying, "starsign" character varying, "age" integer, "img" character varying, "ltl" boolean, "created_at" timestamp(6) NOT NULL, "updated_at" timestamp(6) NOT NULL)[0m
  [1m[36mprimary::SchemaMigration Create (1.2ms)[0m  [1m[32mINSERT INTO "schema_migrations" ("version") VALUES ($1) RETURNING "version"[0m  [["version", "20191210013837"]]
  [1m[35m (1.5ms)[0m  [1m[35mCOMMIT[0m
  [1m[36mActiveRecord::InternalMetadata Load (2.9ms)[0m  [1m[34mSELECT "ar_internal_metadata".* FROM "ar_internal_metadata" WHERE "ar_internal_metadata"."key" = $1 LIMIT $2[0m  [["key", "environment"], ["LIMIT", 1]]
  [1m[35m (1.1ms)[0m  [1m[35mBEGIN[0m
  [1m[36mActiveRecord::InternalMetadata Create (2.7ms)[0m  [1m[32mINSERT INTO "ar_internal_metadata" ("key", "value", "created_at", "updated_at") VALUES ($1, $2, $3, $4) RETURNING "key"[0m  [["key", "environment"], ["value", "development"], ["created_at", "2019-12-10 01:41:50.759066"], ["updated_at", "2019-12-10 01:41:50.759066"]]
  [1m[35m (0.5ms)[0m  [1m[35mCOMMIT[0m
  [1m[35m (0.3ms)[0m  [1m[34mSELECT pg_advisory_unlock(1722971123778292395)[0m
  [1m[35m (0.7ms)[0m  [1m[34mSELECT "schema_migrations"."version" FROM "schema_migrations" ORDER BY "schema_migrations"."version" ASC[0m
  [1m[35m (3.4ms)[0m  [1m[34mSELECT "schema_migrations"."version" FROM "schema_migrations" ORDER BY "schema_migrations"."version" ASC[0m
  [1m[35m (0.2ms)[0m  [1m[35mBEGIN[0m
  [1m[36mDater Create (1.7ms)[0m  [1m[32mINSERT INTO "daters" ("name", "starsign", "age", "img", "ltl", "created_at", "updated_at") VALUES ($1, $2, $3, $4, $5, $6, $7) RETURNING "id"[0m  [["name", "Ryan Gosling"], ["starsign", "Scorpio"], ["age", 35], ["img", "http://coolspotters.com/files/photos/591533/ryan-gosling-large.jpg?1357449177"], ["ltl", true], ["created_at", "2019-12-10 01:45:31.625806"], ["updated_at", "2019-12-10 01:45:31.625806"]]
  [1m[35m (0.6ms)[0m  [1m[35mCOMMIT[0m
  [1m[35m (0.1ms)[0m  [1m[35mBEGIN[0m
  [1m[36mDater Create (0.4ms)[0m  [1m[32mINSERT INTO "daters" ("name", "starsign", "age", "img", "ltl", "created_at", "updated_at") VALUES ($1, $2, $3, $4, $5, $6, $7) RETURNING "id"[0m  [["name", " Hypatia of Alexandria  "], ["starsign", "Aries"], ["age", 1700], ["img", "http://static1.squarespace.com/static/53e031f1e4b088c3aac80e47/t/5636ebf1e4b0683b6c56cb43/1446440030277/hypatia.jpg"], ["ltl", true], ["created_at", "2019-12-10 01:45:31.633357"], ["updated_at", "2019-12-10 01:45:31.633357"]]
  [1m[35m (0.4ms)[0m  [1m[35mCOMMIT[0m
  [1m[35m (0.1ms)[0m  [1m[35mBEGIN[0m
  [1m[36mDater Create (0.4ms)[0m  [1m[32mINSERT INTO "daters" ("name", "starsign", "age", "img", "ltl", "created_at", "updated_at") VALUES ($1, $2, $3, $4, $5, $6, $7) RETURNING "id"[0m  [["name", "Hogan"], ["starsign", "Libra"], ["age", 40], ["img", "http://myfivebest.com/wp-content/uploads/2010/10/crime_crane.jpg"], ["ltl", true], ["created_at", "2019-12-10 01:45:31.637646"], ["updated_at", "2019-12-10 01:45:31.637646"]]
  [1m[35m (0.4ms)[0m  [1m[35mCOMMIT[0m
  [1m[35m (0.1ms)[0m  [1m[35mBEGIN[0m
  [1m[36mDater Create (0.3ms)[0m  [1m[32mINSERT INTO "daters" ("name", "starsign", "age", "img", "ltl", "created_at", "updated_at") VALUES ($1, $2, $3, $4, $5, $6, $7) RETURNING "id"[0m  [["name", "Lumpy Space Princess"], ["starsign", "Virgo"], ["age", 29], ["img", "http://i0.wp.com/www.drawcentral.com/wp-content/uploads/2013/03/Lumpy-Space-Princess.jpg?resize=150%2C150"], ["ltl", true], ["created_at", "2019-12-10 01:45:31.641703"], ["updated_at", "2019-12-10 01:45:31.641703"]]
  [1m[35m (0.4ms)[0m  [1m[35mCOMMIT[0m
  [1m[35m (0.2ms)[0m  [1m[35mBEGIN[0m
  [1m[36mDater Create (0.3ms)[0m  [1m[32mINSERT INTO "daters" ("name", "starsign", "age", "img", "ltl", "created_at", "updated_at") VALUES ($1, $2, $3, $4, $5, $6, $7) RETURNING "id"[0m  [["name", "Idris Elba"], ["starsign", "Virgo"], ["age", 43], ["img", "http://www.ramascreen.com/wp-content/uploads/2015/01/Idris-Elba-Luther-150x150.jpg"], ["ltl", true], ["created_at", "2019-12-10 01:45:31.663033"], ["updated_at", "2019-12-10 01:45:31.663033"]]
  [1m[35m (0.5ms)[0m  [1m[35mCOMMIT[0m
  [1m[35m (0.1ms)[0m  [1m[35mBEGIN[0m
  [1m[36mDater Create (0.3ms)[0m  [1m[32mINSERT INTO "daters" ("name", "starsign", "age", "img", "ltl", "created_at", "updated_at") VALUES ($1, $2, $3, $4, $5, $6, $7) RETURNING "id"[0m  [["name", "The Trash Heap of Fraggle Rock"], ["starsign", "Taurus"], ["age", 1000], ["img", "http://www.toughpigs.com/wp-content/uploads/2009/12/trasheap-150x150.jpg"], ["ltl", false], ["created_at", "2019-12-10 01:45:31.667495"], ["updated_at", "2019-12-10 01:45:31.667495"]]
  [1m[35m (0.5ms)[0m  [1m[35mCOMMIT[0m
  [1m[35m (0.2ms)[0m  [1m[35mBEGIN[0m
  [1m[36mDater Create (1.4ms)[0m  [1m[32mINSERT INTO "daters" ("name", "starsign", "age", "img", "ltl", "created_at", "updated_at") VALUES ($1, $2, $3, $4, $5, $6, $7) RETURNING "id"[0m  [["name", "Guy Guy"], ["starsign", "Gemni"], ["age", 60], ["img", "https://s-media-cache-ak0.pinimg.com/236x/03/d1/53/03d153c14b49a88cab97d58a5bedb6e8.jpg"], ["ltl", false], ["created_at", "2019-12-10 01:45:31.671678"], ["updated_at", "2019-12-10 01:45:31.671678"]]
  [1m[35m (0.5ms)[0m  [1m[35mCOMMIT[0m
  [1m[35m (0.1ms)[0m  [1m[35mBEGIN[0m
  [1m[36mDater Create (0.3ms)[0m  [1m[32mINSERT INTO "daters" ("name", "starsign", "age", "img", "ltl", "created_at", "updated_at") VALUES ($1, $2, $3, $4, $5, $6, $7) RETURNING "id"[0m  [["name", "Raisin"], ["starsign", "Gemni"], ["age", 20], ["img", "http://cdn.lifeinthefastlane.com/wp-content/uploads/2010/09/raisin.jpg"], ["ltl", false], ["created_at", "2019-12-10 01:45:31.677210"], ["updated_at", "2019-12-10 01:45:31.677210"]]
  [1m[35m (0.4ms)[0m  [1m[35mCOMMIT[0m
  [1m[35m (0.1ms)[0m  [1m[35mBEGIN[0m
  [1m[36mDater Create (0.3ms)[0m  [1m[32mINSERT INTO "daters" ("name", "starsign", "age", "img", "ltl", "created_at", "updated_at") VALUES ($1, $2, $3, $4, $5, $6, $7) RETURNING "id"[0m  [["name", "Jim"], ["starsign", "Leo"], ["age", 49], ["img", "http://www.argylejournal.com/wp-content/uploads/2012/10/Jim-Ellinghausen-e1349993531939-150x150.jpg"], ["ltl", false], ["created_at", "2019-12-10 01:45:31.681177"], ["updated_at", "2019-12-10 01:45:31.681177"]]
  [1m[35m (0.5ms)[0m  [1m[35mCOMMIT[0m
  [1m[35m (0.1ms)[0m  [1m[35mBEGIN[0m
  [1m[36mDater Create (0.3ms)[0m  [1m[32mINSERT INTO "daters" ("name", "starsign", "age", "img", "ltl", "created_at", "updated_at") VALUES ($1, $2, $3, $4, $5, $6, $7) RETURNING "id"[0m  [["name", "Muttley"], ["starsign", "Capricorn"], ["age", 2], ["img", "http://gifrific.com/wp-content/uploads/2012/08/Cartoon-Character-Mutley-Laughing-150x150.gif"], ["ltl", true], ["created_at", "2019-12-10 01:45:31.685063"], ["updated_at", "2019-12-10 01:45:31.685063"]]
  [1m[35m (0.4ms)[0m  [1m[35mCOMMIT[0m
  [1m[35m (0.1ms)[0m  [1m[35mBEGIN[0m
  [1m[36mDater Create (0.3ms)[0m  [1m[32mINSERT INTO "daters" ("name", "starsign", "age", "img", "ltl", "created_at", "updated_at") VALUES ($1, $2, $3, $4, $5, $6, $7) RETURNING "id"[0m  [["name", "Slimer"], ["starsign", "Pisces"], ["age", 90], ["img", "http://orig13.deviantart.net/ef48/f/2014/309/1/5/slimer_by_bbjeg-d85exys.png"], ["ltl", true], ["created_at", "2019-12-10 01:45:31.689021"], ["updated_at", "2019-12-10 01:45:31.689021"]]
  [1m[35m (0.4ms)[0m  [1m[35mCOMMIT[0m
  [1m[35m (0.2ms)[0m  [1m[35mBEGIN[0m
  [1m[36mDater Create (0.4ms)[0m  [1m[32mINSERT INTO "daters" ("name", "starsign", "age", "img", "ltl", "created_at", "updated_at") VALUES ($1, $2, $3, $4, $5, $6, $7) RETURNING "id"[0m  [["name", "Mist"], ["starsign", "Aquarius"], ["age", 340000], ["img", "http://www.kidthesaurus.com/wp-content/uploads/2015/07/mist-150x150.jpg"], ["ltl", true], ["created_at", "2019-12-10 01:45:31.692807"], ["updated_at", "2019-12-10 01:45:31.692807"]]
  [1m[35m (0.6ms)[0m  [1m[35mCOMMIT[0m
  [1m[35m (0.2ms)[0m  [1m[35mBEGIN[0m
  [1m[36mDater Create (0.4ms)[0m  [1m[32mINSERT INTO "daters" ("name", "starsign", "age", "img", "ltl", "created_at", "updated_at") VALUES ($1, $2, $3, $4, $5, $6, $7) RETURNING "id"[0m  [["name", "Ching Shih"], ["starsign", "Sagittarius"], ["age", 340000], ["img", "http://treehouseletter.com/wp-content/uploads/2015/04/Ching-Shih-150x150.jpg"], ["ltl", true], ["created_at", "2019-12-10 01:45:31.698049"], ["updated_at", "2019-12-10 01:45:31.698049"]]
  [1m[35m (0.4ms)[0m  [1m[35mCOMMIT[0m
  [1m[35m (0.3ms)[0m  [1m[35mBEGIN[0m
  [1m[36mDater Create (0.5ms)[0m  [1m[32mINSERT INTO "daters" ("name", "starsign", "age", "img", "ltl", "created_at", "updated_at") VALUES ($1, $2, $3, $4, $5, $6, $7) RETURNING "id"[0m  [["name", "Galadriel"], ["starsign", "Sagittarius"], ["age", 7045], ["img", "http://nerdbastards.com/wp-content/uploads/2015/12/Galadriel-and-Phial-150x150.jpg"], ["ltl", true], ["created_at", "2019-12-10 01:45:31.702668"], ["updated_at", "2019-12-10 01:45:31.702668"]]
  [1m[35m (0.4ms)[0m  [1m[35mCOMMIT[0m
  [1m[35m (0.2ms)[0m  [1m[35mBEGIN[0m
  [1m[36mDater Create (0.4ms)[0m  [1m[32mINSERT INTO "daters" ("name", "starsign", "age", "img", "ltl", "created_at", "updated_at") VALUES ($1, $2, $3, $4, $5, $6, $7) RETURNING "id"[0m  [["name", "Skeletor"], ["starsign", "Cancer"], ["age", 19], ["img", "http://www.shwiggie.com/media/images/skeletor-smirk.jpg"], ["ltl", true], ["created_at", "2019-12-10 01:45:31.708114"], ["updated_at", "2019-12-10 01:45:31.708114"]]
  [1m[35m (0.6ms)[0m  [1m[35mCOMMIT[0m
  [1m[35m (0.3ms)[0m  [1m[35mBEGIN[0m
  [1m[36mDater Create (0.4ms)[0m  [1m[32mINSERT INTO "daters" ("name", "starsign", "age", "img", "ltl", "created_at", "updated_at") VALUES ($1, $2, $3, $4, $5, $6, $7) RETURNING "id"[0m  [["name", "Sauron"], ["starsign", "Taurus"], ["age", 198], ["img", "http://ia.media-imdb.com/images/M/MV5BMTc0Njk5NDQwNl5BMl5BanBnXkFtZTYwNTU3NTky._V1_SX150_CR0,0,150,150_.jpg"], ["ltl", false], ["created_at", "2019-12-10 01:45:31.714165"], ["updated_at", "2019-12-10 01:45:31.714165"]]
  [1m[35m (0.6ms)[0m  [1m[35mCOMMIT[0m
Started GET "/daters" for ::1 at 2019-12-09 20:46:30 -0500
  [1m[35m (0.6ms)[0m  [1m[34mSELECT "schema_migrations"."version" FROM "schema_migrations" ORDER BY "schema_migrations"."version" ASC[0m
Processing by DatersController#index as HTML
  [1m[36mDater Load (3.0ms)[0m  [1m[34mSELECT "daters".* FROM "daters"[0m
  ↳ app/controllers/daters_controller.rb:8:in `index'
Completed 200 OK in 37ms (Views: 24.0ms | ActiveRecord: 10.2ms | Allocations: 8952)


Started GET "/daters" for ::1 at 2019-12-09 21:27:20 -0500
Processing by DatersController#index as */*
  [1m[36mDater Load (16.7ms)[0m  [1m[34mSELECT "daters".* FROM "daters"[0m
  ↳ app/controllers/daters_controller.rb:8:in `index'
Completed 200 OK in 41ms (Views: 16.0ms | ActiveRecord: 16.7ms | Allocations: 3283)


Started GET "/daters" for ::1 at 2019-12-09 21:32:01 -0500
Processing by DatersController#index as */*
  [1m[36mDater Load (15.3ms)[0m  [1m[34mSELECT "daters".* FROM "daters"[0m
  ↳ app/controllers/daters_controller.rb:8:in `index'
Completed 200 OK in 26ms (Views: 10.0ms | ActiveRecord: 15.3ms | Allocations: 3195)


Started GET "/daters" for ::1 at 2019-12-09 21:36:28 -0500
Processing by DatersController#index as */*
  [1m[36mDater Load (1.1ms)[0m  [1m[34mSELECT "daters".* FROM "daters"[0m
  ↳ app/controllers/daters_controller.rb:8:in `index'
Completed 200 OK in 15ms (Views: 13.8ms | ActiveRecord: 1.1ms | Allocations: 3195)


Started GET "/daters" for ::1 at 2019-12-09 21:36:59 -0500
Processing by DatersController#index as */*
  [1m[36mDater Load (0.4ms)[0m  [1m[34mSELECT "daters".* FROM "daters"[0m
  ↳ app/controllers/daters_controller.rb:8:in `index'
Completed 200 OK in 8ms (Views: 7.7ms | ActiveRecord: 0.4ms | Allocations: 3177)


Started GET "/daters" for ::1 at 2019-12-09 21:38:16 -0500
Processing by DatersController#index as */*
  [1m[36mDater Load (5.8ms)[0m  [1m[34mSELECT "daters".* FROM "daters"[0m
  ↳ app/controllers/daters_controller.rb:8:in `index'
Completed 200 OK in 15ms (Views: 8.1ms | ActiveRecord: 5.8ms | Allocations: 3177)


Started GET "/daters" for ::1 at 2019-12-09 21:38:29 -0500
Processing by DatersController#index as */*
  [1m[36mDater Load (1.0ms)[0m  [1m[34mSELECT "daters".* FROM "daters"[0m
  ↳ app/controllers/daters_controller.rb:8:in `index'
Completed 200 OK in 6ms (Views: 4.9ms | ActiveRecord: 1.0ms | Allocations: 3195)


Started GET "/daters" for ::1 at 2019-12-09 21:39:41 -0500
Processing by DatersController#index as */*
  [1m[36mDater Load (0.4ms)[0m  [1m[34mSELECT "daters".* FROM "daters"[0m
  ↳ app/controllers/daters_controller.rb:8:in `index'
Completed 200 OK in 66ms (Views: 65.5ms | ActiveRecord: 0.4ms | Allocations: 3180)


Started GET "/daters" for ::1 at 2019-12-09 21:39:55 -0500
Processing by DatersController#index as */*
  [1m[36mDater Load (21.6ms)[0m  [1m[34mSELECT "daters".* FROM "daters"[0m
  ↳ app/controllers/daters_controller.rb:8:in `index'
Completed 200 OK in 28ms (Views: 5.6ms | ActiveRecord: 21.6ms | Allocations: 3177)


Started GET "/daters" for ::1 at 2019-12-09 21:40:04 -0500
Processing by DatersController#index as */*
  [1m[36mDater Load (5.8ms)[0m  [1m[34mSELECT "daters".* FROM "daters"[0m
  ↳ app/controllers/daters_controller.rb:8:in `index'
Completed 200 OK in 13ms (Views: 6.7ms | ActiveRecord: 5.8ms | Allocations: 3177)


Started GET "/daters" for ::1 at 2019-12-09 21:40:09 -0500
Processing by DatersController#index as HTML
  [1m[36mDater Load (6.2ms)[0m  [1m[34mSELECT "daters".* FROM "daters"[0m
  ↳ app/controllers/daters_controller.rb:8:in `index'
Completed 200 OK in 14ms (Views: 7.3ms | ActiveRecord: 6.2ms | Allocations: 3175)


Started GET "/daters" for ::1 at 2019-12-09 21:40:21 -0500
Processing by DatersController#index as HTML
  [1m[36mDater Load (0.5ms)[0m  [1m[34mSELECT "daters".* FROM "daters"[0m
  ↳ app/controllers/daters_controller.rb:8:in `index'
Completed 200 OK in 8ms (Views: 7.5ms | ActiveRecord: 0.5ms | Allocations: 3175)


Started GET "/daters" for ::1 at 2019-12-09 21:40:35 -0500
Processing by DatersController#index as */*
  [1m[36mDater Load (34.7ms)[0m  [1m[34mSELECT "daters".* FROM "daters"[0m
  ↳ app/controllers/daters_controller.rb:8:in `index'
Completed 200 OK in 40ms (Views: 4.9ms | ActiveRecord: 34.7ms | Allocations: 3178)


Started GET "/daters" for ::1 at 2019-12-09 21:40:42 -0500
Processing by DatersController#index as */*
  [1m[36mDater Load (1.6ms)[0m  [1m[34mSELECT "daters".* FROM "daters"[0m
  ↳ app/controllers/daters_controller.rb:8:in `index'
Completed 200 OK in 7ms (Views: 5.4ms | ActiveRecord: 1.6ms | Allocations: 3177)


Started GET "/daters" for ::1 at 2019-12-09 21:44:55 -0500
  [1m[35m (2.0ms)[0m  [1m[34mSELECT "schema_migrations"."version" FROM "schema_migrations" ORDER BY "schema_migrations"."version" ASC[0m
Processing by DatersController#index as */*
  [1m[36mDater Load (1.0ms)[0m  [1m[34mSELECT "daters".* FROM "daters"[0m
  ↳ app/controllers/daters_controller.rb:8:in `index'
Completed 200 OK in 51ms (Views: 40.0ms | ActiveRecord: 7.6ms | Allocations: 8956)


Started GET "/daters" for ::1 at 2019-12-09 21:45:02 -0500
Processing by DatersController#index as HTML
  [1m[36mDater Load (0.5ms)[0m  [1m[34mSELECT "daters".* FROM "daters"[0m
  ↳ app/controllers/daters_controller.rb:8:in `index'
Completed 200 OK in 8ms (Views: 7.3ms | ActiveRecord: 0.5ms | Allocations: 3196)


Started GET "/daters" for ::1 at 2019-12-09 21:45:05 -0500
Processing by DatersController#index as */*
  [1m[36mDater Load (5.5ms)[0m  [1m[34mSELECT "daters".* FROM "daters"[0m
  ↳ app/controllers/daters_controller.rb:8:in `index'
Completed 200 OK in 11ms (Views: 4.8ms | ActiveRecord: 5.5ms | Allocations: 3196)


Started GET "/daters" for ::1 at 2019-12-09 21:57:09 -0500
Processing by DatersController#index as */*
  [1m[36mDater Load (4.5ms)[0m  [1m[34mSELECT "daters".* FROM "daters"[0m
  ↳ app/controllers/daters_controller.rb:8:in `index'
Completed 200 OK in 28ms (Views: 20.0ms | ActiveRecord: 4.5ms | Allocations: 3271)


Started GET "/daters" for ::1 at 2019-12-09 21:58:03 -0500
Processing by DatersController#index as */*
  [1m[36mDater Load (2.1ms)[0m  [1m[34mSELECT "daters".* FROM "daters"[0m
  ↳ app/controllers/daters_controller.rb:8:in `index'
Completed 200 OK in 9ms (Views: 7.0ms | ActiveRecord: 2.1ms | Allocations: 3196)


Started GET "/daters" for ::1 at 2019-12-09 21:59:02 -0500
Processing by DatersController#index as */*
  [1m[36mDater Load (3.2ms)[0m  [1m[34mSELECT "daters".* FROM "daters"[0m
  ↳ app/controllers/daters_controller.rb:8:in `index'
Completed 200 OK in 35ms (Views: 25.7ms | ActiveRecord: 3.2ms | Allocations: 3196)


Started GET "/daters" for ::1 at 2019-12-09 22:17:14 -0500
Processing by DatersController#index as */*
  [1m[36mDater Load (0.8ms)[0m  [1m[34mSELECT "daters".* FROM "daters"[0m
  ↳ app/controllers/daters_controller.rb:8:in `index'
Completed 200 OK in 21ms (Views: 16.9ms | ActiveRecord: 0.8ms | Allocations: 3271)


Started GET "/daters" for ::1 at 2019-12-09 22:26:44 -0500
Processing by DatersController#index as */*
  [1m[36mDater Load (0.8ms)[0m  [1m[34mSELECT "daters".* FROM "daters"[0m
  ↳ app/controllers/daters_controller.rb:6:in `index'
Completed 200 OK in 25ms (Views: 1.8ms | ActiveRecord: 0.8ms | Allocations: 6693)


Started GET "/daters" for ::1 at 2019-12-09 22:26:53 -0500
Processing by DatersController#index as */*
  [1m[36mDater Load (46.7ms)[0m  [1m[34mSELECT "daters".* FROM "daters"[0m
  ↳ app/controllers/daters_controller.rb:6:in `index'
Completed 200 OK in 51ms (Views: 1.2ms | ActiveRecord: 46.7ms | Allocations: 1638)


Started GET "/daters" for ::1 at 2019-12-09 22:28:24 -0500
Processing by DatersController#index as */*
  [1m[36mDater Load (63.4ms)[0m  [1m[34mSELECT "daters".* FROM "daters"[0m
  ↳ app/controllers/daters_controller.rb:6:in `index'
Completed 200 OK in 67ms (Views: 1.4ms | ActiveRecord: 63.4ms | Allocations: 1638)


Started GET "/daters" for ::1 at 2019-12-09 22:28:44 -0500
Processing by DatersController#index as */*
  [1m[36mDater Load (0.7ms)[0m  [1m[34mSELECT "daters".* FROM "daters"[0m
  ↳ app/controllers/daters_controller.rb:6:in `index'
Completed 200 OK in 4ms (Views: 1.2ms | ActiveRecord: 0.7ms | Allocations: 1638)


Started GET "/daters" for ::1 at 2019-12-09 22:31:21 -0500
Processing by DatersController#index as */*
  [1m[36mDater Load (4.9ms)[0m  [1m[34mSELECT "daters".* FROM "daters"[0m
  ↳ app/controllers/daters_controller.rb:6:in `index'
Completed 200 OK in 9ms (Views: 1.6ms | ActiveRecord: 4.9ms | Allocations: 1640)


Started GET "/daters" for ::1 at 2019-12-09 22:31:35 -0500
Processing by DatersController#index as */*
  [1m[36mDater Load (2.4ms)[0m  [1m[34mSELECT "daters".* FROM "daters"[0m
  ↳ app/controllers/daters_controller.rb:6:in `index'
Completed 200 OK in 8ms (Views: 2.4ms | ActiveRecord: 2.4ms | Allocations: 1638)


Started GET "/daters" for ::1 at 2019-12-09 22:33:36 -0500
Processing by DatersController#index as */*
  [1m[36mDater Load (6.9ms)[0m  [1m[34mSELECT "daters".* FROM "daters"[0m
  ↳ app/controllers/daters_controller.rb:6:in `index'
Completed 200 OK in 26ms (Views: 6.7ms | ActiveRecord: 6.9ms | Allocations: 1640)


Started GET "/daters" for ::1 at 2019-12-09 22:33:41 -0500
Processing by DatersController#index as */*
  [1m[36mDater Load (22.4ms)[0m  [1m[34mSELECT "daters".* FROM "daters"[0m
  ↳ app/controllers/daters_controller.rb:6:in `index'
Completed 200 OK in 28ms (Views: 2.1ms | ActiveRecord: 22.4ms | Allocations: 1640)


Started GET "/daters" for ::1 at 2019-12-09 22:33:54 -0500
Processing by DatersController#index as */*
  [1m[36mDater Load (0.6ms)[0m  [1m[34mSELECT "daters".* FROM "daters"[0m
  ↳ app/controllers/daters_controller.rb:6:in `index'
Completed 200 OK in 5ms (Views: 1.6ms | ActiveRecord: 0.6ms | Allocations: 1640)


Started GET "/daters" for ::1 at 2019-12-09 22:34:44 -0500
Processing by DatersController#index as */*
  [1m[36mDater Load (2.1ms)[0m  [1m[34mSELECT "daters".* FROM "daters"[0m
  ↳ app/controllers/daters_controller.rb:6:in `index'
Completed 200 OK in 7ms (Views: 1.6ms | ActiveRecord: 2.1ms | Allocations: 1640)


Started GET "/daters" for ::1 at 2019-12-09 22:34:55 -0500
Processing by DatersController#index as */*
  [1m[36mDater Load (0.4ms)[0m  [1m[34mSELECT "daters".* FROM "daters"[0m
  ↳ app/controllers/daters_controller.rb:6:in `index'
Completed 200 OK in 5ms (Views: 1.9ms | ActiveRecord: 0.4ms | Allocations: 1640)


Started GET "/daters" for ::1 at 2019-12-09 22:36:11 -0500
Processing by DatersController#index as */*
  [1m[36mDater Load (1.0ms)[0m  [1m[34mSELECT "daters".* FROM "daters"[0m
  ↳ app/controllers/daters_controller.rb:6:in `index'
Completed 200 OK in 6ms (Views: 1.7ms | ActiveRecord: 1.0ms | Allocations: 1640)


Started GET "/daters" for ::1 at 2019-12-09 22:44:32 -0500
Processing by DatersController#index as */*
  [1m[36mDater Load (14.2ms)[0m  [1m[34mSELECT "daters".* FROM "daters"[0m
  ↳ app/controllers/daters_controller.rb:6:in `index'
Completed 200 OK in 31ms (Views: 5.2ms | ActiveRecord: 14.2ms | Allocations: 1733)


Started GET "/daters" for ::1 at 2019-12-09 22:44:49 -0500
Processing by DatersController#index as */*
  [1m[36mDater Load (2.1ms)[0m  [1m[34mSELECT "daters".* FROM "daters"[0m
  ↳ app/controllers/daters_controller.rb:6:in `index'
Completed 200 OK in 6ms (Views: 1.2ms | ActiveRecord: 2.1ms | Allocations: 1638)


