Started GET "/" for ::1 at 2019-12-05 15:59:03 -0500
  
ActiveRecord::NoDatabaseError (FATAL:  database "matrix_app_api_development" does not exist
):
  
activerecord (6.0.1) lib/active_record/connection_adapters/postgresql_adapter.rb:50:in `rescue in postgresql_connection'
activerecord (6.0.1) lib/active_record/connection_adapters/postgresql_adapter.rb:33:in `postgresql_connection'
activerecord (6.0.1) lib/active_record/connection_adapters/abstract/connection_pool.rb:889:in `new_connection'
activerecord (6.0.1) lib/active_record/connection_adapters/abstract/connection_pool.rb:933:in `checkout_new_connection'
activerecord (6.0.1) lib/active_record/connection_adapters/abstract/connection_pool.rb:912:in `try_to_checkout_new_connection'
activerecord (6.0.1) lib/active_record/connection_adapters/abstract/connection_pool.rb:873:in `acquire_connection'
activerecord (6.0.1) lib/active_record/connection_adapters/abstract/connection_pool.rb:595:in `checkout'
activerecord (6.0.1) lib/active_record/connection_adapters/abstract/connection_pool.rb:439:in `connection'
activerecord (6.0.1) lib/active_record/connection_adapters/abstract/connection_pool.rb:1121:in `retrieve_connection'
activerecord (6.0.1) lib/active_record/connection_handling.rb:238:in `retrieve_connection'
activerecord (6.0.1) lib/active_record/connection_handling.rb:206:in `connection'
activerecord (6.0.1) lib/active_record/migration.rb:562:in `call'
actionpack (6.0.1) lib/action_dispatch/middleware/callbacks.rb:27:in `block in call'
activesupport (6.0.1) lib/active_support/callbacks.rb:101:in `run_callbacks'
actionpack (6.0.1) lib/action_dispatch/middleware/callbacks.rb:26:in `call'
actionpack (6.0.1) lib/action_dispatch/middleware/executor.rb:14:in `call'
actionpack (6.0.1) lib/action_dispatch/middleware/actionable_exceptions.rb:17:in `call'
actionpack (6.0.1) lib/action_dispatch/middleware/debug_exceptions.rb:32:in `call'
actionpack (6.0.1) lib/action_dispatch/middleware/show_exceptions.rb:33:in `call'
railties (6.0.1) lib/rails/rack/logger.rb:38:in `call_app'
railties (6.0.1) lib/rails/rack/logger.rb:26:in `block in call'
activesupport (6.0.1) lib/active_support/tagged_logging.rb:80:in `block in tagged'
activesupport (6.0.1) lib/active_support/tagged_logging.rb:28:in `tagged'
activesupport (6.0.1) lib/active_support/tagged_logging.rb:80:in `tagged'
railties (6.0.1) lib/rails/rack/logger.rb:26:in `call'
actionpack (6.0.1) lib/action_dispatch/middleware/remote_ip.rb:81:in `call'
actionpack (6.0.1) lib/action_dispatch/middleware/request_id.rb:27:in `call'
rack (2.0.7) lib/rack/runtime.rb:22:in `call'
activesupport (6.0.1) lib/active_support/cache/strategy/local_cache_middleware.rb:29:in `call'
actionpack (6.0.1) lib/action_dispatch/middleware/executor.rb:14:in `call'
actionpack (6.0.1) lib/action_dispatch/middleware/static.rb:126:in `call'
rack (2.0.7) lib/rack/sendfile.rb:111:in `call'
actionpack (6.0.1) lib/action_dispatch/middleware/host_authorization.rb:83:in `call'
railties (6.0.1) lib/rails/engine.rb:526:in `call'
puma (4.3.1) lib/puma/configuration.rb:228:in `call'
puma (4.3.1) lib/puma/server.rb:681:in `handle_request'
puma (4.3.1) lib/puma/server.rb:472:in `process_client'
puma (4.3.1) lib/puma/server.rb:328:in `block in run'
puma (4.3.1) lib/puma/thread_pool.rb:134:in `block in spawn_thread'
Started GET "/favicon.ico" for ::1 at 2019-12-05 15:59:04 -0500
  
ActiveRecord::NoDatabaseError (FATAL:  database "matrix_app_api_development" does not exist
):
  
activerecord (6.0.1) lib/active_record/connection_adapters/postgresql_adapter.rb:50:in `rescue in postgresql_connection'
activerecord (6.0.1) lib/active_record/connection_adapters/postgresql_adapter.rb:33:in `postgresql_connection'
activerecord (6.0.1) lib/active_record/connection_adapters/abstract/connection_pool.rb:889:in `new_connection'
activerecord (6.0.1) lib/active_record/connection_adapters/abstract/connection_pool.rb:933:in `checkout_new_connection'
activerecord (6.0.1) lib/active_record/connection_adapters/abstract/connection_pool.rb:912:in `try_to_checkout_new_connection'
activerecord (6.0.1) lib/active_record/connection_adapters/abstract/connection_pool.rb:873:in `acquire_connection'
activerecord (6.0.1) lib/active_record/connection_adapters/abstract/connection_pool.rb:595:in `checkout'
activerecord (6.0.1) lib/active_record/connection_adapters/abstract/connection_pool.rb:439:in `connection'
activerecord (6.0.1) lib/active_record/connection_adapters/abstract/connection_pool.rb:1121:in `retrieve_connection'
activerecord (6.0.1) lib/active_record/connection_handling.rb:238:in `retrieve_connection'
activerecord (6.0.1) lib/active_record/connection_handling.rb:206:in `connection'
activerecord (6.0.1) lib/active_record/migration.rb:562:in `call'
actionpack (6.0.1) lib/action_dispatch/middleware/callbacks.rb:27:in `block in call'
activesupport (6.0.1) lib/active_support/callbacks.rb:101:in `run_callbacks'
actionpack (6.0.1) lib/action_dispatch/middleware/callbacks.rb:26:in `call'
actionpack (6.0.1) lib/action_dispatch/middleware/executor.rb:14:in `call'
actionpack (6.0.1) lib/action_dispatch/middleware/actionable_exceptions.rb:17:in `call'
actionpack (6.0.1) lib/action_dispatch/middleware/debug_exceptions.rb:32:in `call'
actionpack (6.0.1) lib/action_dispatch/middleware/show_exceptions.rb:33:in `call'
railties (6.0.1) lib/rails/rack/logger.rb:38:in `call_app'
railties (6.0.1) lib/rails/rack/logger.rb:26:in `block in call'
activesupport (6.0.1) lib/active_support/tagged_logging.rb:80:in `block in tagged'
activesupport (6.0.1) lib/active_support/tagged_logging.rb:28:in `tagged'
activesupport (6.0.1) lib/active_support/tagged_logging.rb:80:in `tagged'
railties (6.0.1) lib/rails/rack/logger.rb:26:in `call'
actionpack (6.0.1) lib/action_dispatch/middleware/remote_ip.rb:81:in `call'
actionpack (6.0.1) lib/action_dispatch/middleware/request_id.rb:27:in `call'
rack (2.0.7) lib/rack/runtime.rb:22:in `call'
activesupport (6.0.1) lib/active_support/cache/strategy/local_cache_middleware.rb:29:in `call'
actionpack (6.0.1) lib/action_dispatch/middleware/executor.rb:14:in `call'
actionpack (6.0.1) lib/action_dispatch/middleware/static.rb:126:in `call'
rack (2.0.7) lib/rack/sendfile.rb:111:in `call'
actionpack (6.0.1) lib/action_dispatch/middleware/host_authorization.rb:83:in `call'
railties (6.0.1) lib/rails/engine.rb:526:in `call'
puma (4.3.1) lib/puma/configuration.rb:228:in `call'
puma (4.3.1) lib/puma/server.rb:681:in `handle_request'
puma (4.3.1) lib/puma/server.rb:472:in `process_client'
puma (4.3.1) lib/puma/server.rb:328:in `block in run'
puma (4.3.1) lib/puma/thread_pool.rb:134:in `block in spawn_thread'
  [1m[35m (354.2ms)[0m  [1m[35mCREATE DATABASE "matrix_app_api_development" ENCODING = 'unicode'[0m
  [1m[35m (107.4ms)[0m  [1m[35mCREATE DATABASE "matrix_app_api_test" ENCODING = 'unicode'[0m
  [1m[35m (51.1ms)[0m  [1m[35mCREATE TABLE "schema_migrations" ("version" character varying NOT NULL PRIMARY KEY)[0m
  [1m[35m (6.2ms)[0m  [1m[35mCREATE TABLE "ar_internal_metadata" ("key" character varying NOT NULL PRIMARY KEY, "value" character varying, "created_at" timestamp(6) NOT NULL, "updated_at" timestamp(6) NOT NULL)[0m
  [1m[35m (1.0ms)[0m  [1m[34mSELECT pg_try_advisory_lock(5139738239422645845)[0m
  [1m[35m (0.9ms)[0m  [1m[34mSELECT "schema_migrations"."version" FROM "schema_migrations" ORDER BY "schema_migrations"."version" ASC[0m
  [1m[36mActiveRecord::InternalMetadata Load (0.4ms)[0m  [1m[34mSELECT "ar_internal_metadata".* FROM "ar_internal_metadata" WHERE "ar_internal_metadata"."key" = $1 LIMIT $2[0m  [["key", "environment"], ["LIMIT", 1]]
  [1m[35m (0.2ms)[0m  [1m[35mBEGIN[0m
  [1m[36mActiveRecord::InternalMetadata Create (1.6ms)[0m  [1m[32mINSERT INTO "ar_internal_metadata" ("key", "value", "created_at", "updated_at") VALUES ($1, $2, $3, $4) RETURNING "key"[0m  [["key", "environment"], ["value", "development"], ["created_at", "2019-12-05 21:09:43.709786"], ["updated_at", "2019-12-05 21:09:43.709786"]]
  [1m[35m (0.6ms)[0m  [1m[35mCOMMIT[0m
  [1m[35m (0.3ms)[0m  [1m[34mSELECT pg_advisory_unlock(5139738239422645845)[0m
  [1m[35m (0.9ms)[0m  [1m[34mSELECT "schema_migrations"."version" FROM "schema_migrations" ORDER BY "schema_migrations"."version" ASC[0m
  [1m[35m (0.2ms)[0m  [1m[34mSELECT pg_try_advisory_lock(5139738239422645845)[0m
  [1m[35m (0.7ms)[0m  [1m[34mSELECT "schema_migrations"."version" FROM "schema_migrations" ORDER BY "schema_migrations"."version" ASC[0m
Migrating to CreateCharacter (20191205211001)
  [1m[35m (0.2ms)[0m  [1m[35mBEGIN[0m
  [1m[35m (18.6ms)[0m  [1m[35mCREATE TABLE "characters" ("id" bigserial primary key, "name" character varying, "desciption" character varying, "img_url" character varying)[0m
  [1m[36mprimary::SchemaMigration Create (1.8ms)[0m  [1m[32mINSERT INTO "schema_migrations" ("version") VALUES ($1) RETURNING "version"[0m  [["version", "20191205211001"]]
  [1m[35m (1.2ms)[0m  [1m[35mCOMMIT[0m
  [1m[36mActiveRecord::InternalMetadata Load (0.4ms)[0m  [1m[34mSELECT "ar_internal_metadata".* FROM "ar_internal_metadata" WHERE "ar_internal_metadata"."key" = $1 LIMIT $2[0m  [["key", "environment"], ["LIMIT", 1]]
  [1m[35m (0.4ms)[0m  [1m[34mSELECT pg_advisory_unlock(5139738239422645845)[0m
  [1m[35m (0.9ms)[0m  [1m[34mSELECT "schema_migrations"."version" FROM "schema_migrations" ORDER BY "schema_migrations"."version" ASC[0m
  [1m[35m (0.2ms)[0m  [1m[34mSELECT pg_try_advisory_lock(5139738239422645845)[0m
  [1m[35m (0.7ms)[0m  [1m[34mSELECT "schema_migrations"."version" FROM "schema_migrations" ORDER BY "schema_migrations"."version" ASC[0m
Migrating to FixDescriptionColumnTypo (20191205212347)
  [1m[35m (0.2ms)[0m  [1m[35mBEGIN[0m
  [1m[35m (0.7ms)[0m  [1m[35mALTER TABLE "characters" RENAME COLUMN "desciption" TO "description"[0m
  [1m[36mprimary::SchemaMigration Create (0.3ms)[0m  [1m[32mINSERT INTO "schema_migrations" ("version") VALUES ($1) RETURNING "version"[0m  [["version", "20191205212347"]]
  [1m[35m (0.6ms)[0m  [1m[35mCOMMIT[0m
  [1m[36mActiveRecord::InternalMetadata Load (0.5ms)[0m  [1m[34mSELECT "ar_internal_metadata".* FROM "ar_internal_metadata" WHERE "ar_internal_metadata"."key" = $1 LIMIT $2[0m  [["key", "environment"], ["LIMIT", 1]]
  [1m[35m (0.3ms)[0m  [1m[34mSELECT pg_advisory_unlock(5139738239422645845)[0m
  [1m[35m (0.8ms)[0m  [1m[34mSELECT "schema_migrations"."version" FROM "schema_migrations" ORDER BY "schema_migrations"."version" ASC[0m
  [1m[35m (0.2ms)[0m  [1m[34mSELECT pg_try_advisory_lock(5139738239422645845)[0m
  [1m[35m (0.7ms)[0m  [1m[34mSELECT "schema_migrations"."version" FROM "schema_migrations" ORDER BY "schema_migrations"."version" ASC[0m
Migrating to ChangeTableName (20191205213054)
  [1m[35m (0.2ms)[0m  [1m[35mBEGIN[0m
  [1m[35m (0.8ms)[0m  [1m[35mALTER TABLE "characters" RENAME TO "matrix_characters"[0m
  [1m[35m (1.2ms)[0m  [1m[35mALTER INDEX "characters_pkey" RENAME TO "matrix_characters_pkey"[0m
  [1m[35m (0.3ms)[0m  [1m[35mALTER TABLE "public"."characters_id_seq" RENAME TO "matrix_characters_id_seq"[0m
  [1m[36mprimary::SchemaMigration Create (0.6ms)[0m  [1m[32mINSERT INTO "schema_migrations" ("version") VALUES ($1) RETURNING "version"[0m  [["version", "20191205213054"]]
  [1m[35m (1.1ms)[0m  [1m[35mCOMMIT[0m
  [1m[36mActiveRecord::InternalMetadata Load (0.4ms)[0m  [1m[34mSELECT "ar_internal_metadata".* FROM "ar_internal_metadata" WHERE "ar_internal_metadata"."key" = $1 LIMIT $2[0m  [["key", "environment"], ["LIMIT", 1]]
  [1m[35m (0.3ms)[0m  [1m[34mSELECT pg_advisory_unlock(5139738239422645845)[0m
  [1m[35m (0.7ms)[0m  [1m[34mSELECT "schema_migrations"."version" FROM "schema_migrations" ORDER BY "schema_migrations"."version" ASC[0m
  [1m[35m (0.9ms)[0m  [1m[34mSELECT "schema_migrations"."version" FROM "schema_migrations" ORDER BY "schema_migrations"."version" ASC[0m
  [1m[35m (0.3ms)[0m  [1m[34mSELECT "schema_migrations"."version" FROM "schema_migrations" ORDER BY "schema_migrations"."version" ASC[0m
  [1m[35m (0.2ms)[0m  [1m[34mSELECT "schema_migrations"."version" FROM "schema_migrations" ORDER BY "schema_migrations"."version" ASC[0m
  [1m[35m (0.2ms)[0m  [1m[34mSELECT pg_try_advisory_lock(5139738239422645845)[0m
  [1m[35m (0.3ms)[0m  [1m[34mSELECT "schema_migrations"."version" FROM "schema_migrations" ORDER BY "schema_migrations"."version" ASC[0m
Migrating to ChangeTableName (20191205213054)
  [1m[35m (1.6ms)[0m  [1m[35mBEGIN[0m
  [1m[35m (0.6ms)[0m  [1m[35mALTER TABLE "matrix_characters" RENAME TO "characters"[0m
  [1m[35m (0.4ms)[0m  [1m[35mALTER INDEX "matrix_characters_pkey" RENAME TO "characters_pkey"[0m
  [1m[35m (0.4ms)[0m  [1m[35mALTER TABLE "public"."matrix_characters_id_seq" RENAME TO "characters_id_seq"[0m
  [1m[36mprimary::SchemaMigration Destroy (1.2ms)[0m  [1m[31mDELETE FROM "schema_migrations" WHERE "schema_migrations"."version" = $1[0m  [["version", "20191205213054"]]
  [1m[35m (2.9ms)[0m  [1m[35mCOMMIT[0m
  [1m[35m (0.4ms)[0m  [1m[34mSELECT pg_advisory_unlock(5139738239422645845)[0m
  [1m[35m (0.7ms)[0m  [1m[34mSELECT "schema_migrations"."version" FROM "schema_migrations" ORDER BY "schema_migrations"."version" ASC[0m
  [1m[35m (0.7ms)[0m  [1m[34mSELECT "schema_migrations"."version" FROM "schema_migrations" ORDER BY "schema_migrations"."version" ASC[0m
  [1m[35m (0.7ms)[0m  [1m[34mSELECT "schema_migrations"."version" FROM "schema_migrations" ORDER BY "schema_migrations"."version" ASC[0m
  [1m[35m (0.2ms)[0m  [1m[35mBEGIN[0m
  [1m[36mCharacter Create (2.4ms)[0m  [1m[32mINSERT INTO "characters" ("name", "description") VALUES ($1, $2) RETURNING "id"[0m  [["name", "Neo"], ["description", "f"]]
  [1m[35m (0.7ms)[0m  [1m[35mCOMMIT[0m
  [1m[35m (0.1ms)[0m  [1m[35mBEGIN[0m
  [1m[36mCharacter Create (0.3ms)[0m  [1m[32mINSERT INTO "characters" ("name", "description") VALUES ($1, $2) RETURNING "id"[0m  [["name", "Trinity"], ["description", "f"]]
  [1m[35m (0.4ms)[0m  [1m[35mCOMMIT[0m
  [1m[35m (0.1ms)[0m  [1m[35mBEGIN[0m
  [1m[36mCharacter Create (0.2ms)[0m  [1m[32mINSERT INTO "characters" ("name", "description") VALUES ($1, $2) RETURNING "id"[0m  [["name", "Morpheus"], ["description", "f"]]
  [1m[35m (0.5ms)[0m  [1m[35mCOMMIT[0m
  [1m[35m (0.2ms)[0m  [1m[35mBEGIN[0m
  [1m[36mCharacter Create (0.3ms)[0m  [1m[32mINSERT INTO "characters" ("name", "description") VALUES ($1, $2) RETURNING "id"[0m  [["name", "Agent Smith"], ["description", "f"]]
  [1m[35m (0.5ms)[0m  [1m[35mCOMMIT[0m
  [1m[35m (0.7ms)[0m  [1m[34mSELECT "schema_migrations"."version" FROM "schema_migrations" ORDER BY "schema_migrations"."version" ASC[0m
  [1m[35m (0.4ms)[0m  [1m[34mSELECT "ar_internal_metadata"."value" FROM "ar_internal_metadata" WHERE "ar_internal_metadata"."key" = $1[0m  [["key", "environment"]]
  [1m[35m (0.3ms)[0m  [1m[34mSELECT "schema_migrations"."version" FROM "schema_migrations" ORDER BY "schema_migrations"."version" ASC[0m
  [1m[35m (0.2ms)[0m  [1m[34mSELECT "ar_internal_metadata"."value" FROM "ar_internal_metadata" WHERE "ar_internal_metadata"."key" = $1[0m  [["key", "environment"]]
  [1m[35m (0.2ms)[0m  [1m[34mSELECT "schema_migrations"."version" FROM "schema_migrations" ORDER BY "schema_migrations"."version" ASC[0m
  [1m[35m (0.2ms)[0m  [1m[34mSELECT "ar_internal_metadata"."value" FROM "ar_internal_metadata" WHERE "ar_internal_metadata"."key" = $1[0m  [["key", "environment"]]
  [1m[35m (62.8ms)[0m  [1m[35mDROP DATABASE IF EXISTS "matrix_app_api_development"[0m
  [1m[35m (48.6ms)[0m  [1m[35mDROP DATABASE IF EXISTS "matrix_app_api_test"[0m
  [1m[35m (251.6ms)[0m  [1m[35mCREATE DATABASE "matrix_app_api_development" ENCODING = 'unicode'[0m
  [1m[35m (105.9ms)[0m  [1m[35mCREATE DATABASE "matrix_app_api_test" ENCODING = 'unicode'[0m
  [1m[35mSQL (0.5ms)[0m  [1m[35mCREATE EXTENSION IF NOT EXISTS "plpgsql"[0m
  [1m[35m (0.4ms)[0m  [1m[35mDROP TABLE IF EXISTS "characters" CASCADE[0m
  [1m[35m (9.5ms)[0m  [1m[35mCREATE TABLE "characters" ("id" bigserial primary key, "name" character varying, "description" character varying, "img_url" character varying)[0m
  [1m[35m (3.3ms)[0m  [1m[35mCREATE TABLE "schema_migrations" ("version" character varying NOT NULL PRIMARY KEY)[0m
  [1m[35m (0.6ms)[0m  [1m[34mSELECT "schema_migrations"."version" FROM "schema_migrations" ORDER BY "schema_migrations"."version" ASC[0m
  [1m[35m (0.8ms)[0m  [1m[32mINSERT INTO "schema_migrations" (version) VALUES (20191205212347)[0m
  [1m[35m (0.6ms)[0m  [1m[32mINSERT INTO "schema_migrations" (version) VALUES
(20191205211001);

[0m
  [1m[35m (3.9ms)[0m  [1m[35mCREATE TABLE "ar_internal_metadata" ("key" character varying NOT NULL PRIMARY KEY, "value" character varying, "created_at" timestamp(6) NOT NULL, "updated_at" timestamp(6) NOT NULL)[0m
  [1m[36mActiveRecord::InternalMetadata Load (0.3ms)[0m  [1m[34mSELECT "ar_internal_metadata".* FROM "ar_internal_metadata" WHERE "ar_internal_metadata"."key" = $1 LIMIT $2[0m  [["key", "environment"], ["LIMIT", 1]]
  [1m[35m (0.2ms)[0m  [1m[35mBEGIN[0m
  [1m[36mActiveRecord::InternalMetadata Create (1.0ms)[0m  [1m[32mINSERT INTO "ar_internal_metadata" ("key", "value", "created_at", "updated_at") VALUES ($1, $2, $3, $4) RETURNING "key"[0m  [["key", "environment"], ["value", "development"], ["created_at", "2019-12-05 21:49:38.308546"], ["updated_at", "2019-12-05 21:49:38.308546"]]
  [1m[35m (0.4ms)[0m  [1m[35mCOMMIT[0m
  [1m[36mActiveRecord::InternalMetadata Load (0.2ms)[0m  [1m[34mSELECT "ar_internal_metadata".* FROM "ar_internal_metadata" WHERE "ar_internal_metadata"."key" = $1 LIMIT $2[0m  [["key", "environment"], ["LIMIT", 1]]
  [1m[36mActiveRecord::InternalMetadata Load (0.2ms)[0m  [1m[34mSELECT "ar_internal_metadata".* FROM "ar_internal_metadata" WHERE "ar_internal_metadata"."key" = $1 LIMIT $2[0m  [["key", "schema_sha1"], ["LIMIT", 1]]
  [1m[35m (0.1ms)[0m  [1m[35mBEGIN[0m
  [1m[36mActiveRecord::InternalMetadata Create (0.3ms)[0m  [1m[32mINSERT INTO "ar_internal_metadata" ("key", "value", "created_at", "updated_at") VALUES ($1, $2, $3, $4) RETURNING "key"[0m  [["key", "schema_sha1"], ["value", "01a38f166d7907113a7cdb1cab26087039dd60a5"], ["created_at", "2019-12-05 21:49:38.319267"], ["updated_at", "2019-12-05 21:49:38.319267"]]
  [1m[35m (0.5ms)[0m  [1m[35mCOMMIT[0m
  [1m[35mSQL (0.4ms)[0m  [1m[35mCREATE EXTENSION IF NOT EXISTS "plpgsql"[0m
  [1m[35m (0.2ms)[0m  [1m[35mDROP TABLE IF EXISTS "characters" CASCADE[0m
  [1m[35m (10.2ms)[0m  [1m[35mCREATE TABLE "characters" ("id" bigserial primary key, "name" character varying, "description" character varying, "img_url" character varying)[0m
  [1m[35m (3.0ms)[0m  [1m[35mCREATE TABLE "schema_migrations" ("version" character varying NOT NULL PRIMARY KEY)[0m
  [1m[35m (0.5ms)[0m  [1m[34mSELECT "schema_migrations"."version" FROM "schema_migrations" ORDER BY "schema_migrations"."version" ASC[0m
  [1m[35m (0.7ms)[0m  [1m[32mINSERT INTO "schema_migrations" (version) VALUES (20191205212347)[0m
  [1m[35m (0.6ms)[0m  [1m[32mINSERT INTO "schema_migrations" (version) VALUES
(20191205211001);

[0m
  [1m[35m (3.7ms)[0m  [1m[35mCREATE TABLE "ar_internal_metadata" ("key" character varying NOT NULL PRIMARY KEY, "value" character varying, "created_at" timestamp(6) NOT NULL, "updated_at" timestamp(6) NOT NULL)[0m
  [1m[36mActiveRecord::InternalMetadata Load (0.4ms)[0m  [1m[34mSELECT "ar_internal_metadata".* FROM "ar_internal_metadata" WHERE "ar_internal_metadata"."key" = $1 LIMIT $2[0m  [["key", "environment"], ["LIMIT", 1]]
  [1m[35m (0.1ms)[0m  [1m[35mBEGIN[0m
  [1m[36mActiveRecord::InternalMetadata Create (0.7ms)[0m  [1m[32mINSERT INTO "ar_internal_metadata" ("key", "value", "created_at", "updated_at") VALUES ($1, $2, $3, $4) RETURNING "key"[0m  [["key", "environment"], ["value", "development"], ["created_at", "2019-12-05 21:49:38.385181"], ["updated_at", "2019-12-05 21:49:38.385181"]]
  [1m[35m (0.4ms)[0m  [1m[35mCOMMIT[0m
  [1m[36mActiveRecord::InternalMetadata Load (0.2ms)[0m  [1m[34mSELECT "ar_internal_metadata".* FROM "ar_internal_metadata" WHERE "ar_internal_metadata"."key" = $1 LIMIT $2[0m  [["key", "environment"], ["LIMIT", 1]]
  [1m[35m (0.1ms)[0m  [1m[35mBEGIN[0m
  [1m[36mActiveRecord::InternalMetadata Update (0.4ms)[0m  [1m[33mUPDATE "ar_internal_metadata" SET "value" = $1, "updated_at" = $2 WHERE "ar_internal_metadata"."key" = $3[0m  [["value", "test"], ["updated_at", "2019-12-05 21:49:38.392562"], ["key", "environment"]]
  [1m[35m (0.5ms)[0m  [1m[35mCOMMIT[0m
  [1m[36mActiveRecord::InternalMetadata Load (0.2ms)[0m  [1m[34mSELECT "ar_internal_metadata".* FROM "ar_internal_metadata" WHERE "ar_internal_metadata"."key" = $1 LIMIT $2[0m  [["key", "schema_sha1"], ["LIMIT", 1]]
  [1m[35m (0.1ms)[0m  [1m[35mBEGIN[0m
  [1m[36mActiveRecord::InternalMetadata Create (0.3ms)[0m  [1m[32mINSERT INTO "ar_internal_metadata" ("key", "value", "created_at", "updated_at") VALUES ($1, $2, $3, $4) RETURNING "key"[0m  [["key", "schema_sha1"], ["value", "01a38f166d7907113a7cdb1cab26087039dd60a5"], ["created_at", "2019-12-05 21:49:38.399879"], ["updated_at", "2019-12-05 21:49:38.399879"]]
  [1m[35m (0.6ms)[0m  [1m[35mCOMMIT[0m
  [1m[35m (0.8ms)[0m  [1m[34mSELECT "schema_migrations"."version" FROM "schema_migrations" ORDER BY "schema_migrations"."version" ASC[0m
  [1m[35m (0.3ms)[0m  [1m[35mBEGIN[0m
  [1m[36mCharacter Create (1.9ms)[0m  [1m[32mINSERT INTO "characters" ("name", "description") VALUES ($1, $2) RETURNING "id"[0m  [["name", "Neo"], ["description", "The main protagonist"]]
  [1m[35m (10.4ms)[0m  [1m[35mCOMMIT[0m
  [1m[35m (0.2ms)[0m  [1m[35mBEGIN[0m
  [1m[36mCharacter Create (0.3ms)[0m  [1m[32mINSERT INTO "characters" ("name", "description") VALUES ($1, $2) RETURNING "id"[0m  [["name", "Trinity"], ["description", "A computer programmer and a hacker who escaped from the Matrix"]]
  [1m[35m (0.5ms)[0m  [1m[35mCOMMIT[0m
  [1m[35m (0.1ms)[0m  [1m[35mBEGIN[0m
  [1m[36mCharacter Create (0.3ms)[0m  [1m[32mINSERT INTO "characters" ("name", "description") VALUES ($1, $2) RETURNING "id"[0m  [["name", "Morpheus"], ["description", "Captain of the Nebuchadnezzar"]]
  [1m[35m (0.5ms)[0m  [1m[35mCOMMIT[0m
  [1m[35m (0.2ms)[0m  [1m[35mBEGIN[0m
  [1m[36mCharacter Create (0.3ms)[0m  [1m[32mINSERT INTO "characters" ("name", "description") VALUES ($1, $2) RETURNING "id"[0m  [["name", "Agent Smith"], ["description", "The primary antagonist"]]
  [1m[35m (0.7ms)[0m  [1m[35mCOMMIT[0m
  [1m[36mCharacter Load (0.7ms)[0m  [1m[34mSELECT "characters".* FROM "characters" WHERE "characters"."name" = $1 ORDER BY "characters"."id" ASC LIMIT $2[0m  [["name", "Neo"], ["LIMIT", 1]]
  [1m[35m (0.2ms)[0m  [1m[35mBEGIN[0m
  [1m[36mCharacter Update (5.2ms)[0m  [1m[33mUPDATE "characters" SET "img_url" = $1 WHERE "characters"."id" = $2[0m  [["img_url", "https://upload.wikimedia.org/wikipedia/en/thumb/c/c6/NeoTheMatrix.jpg/220px-NeoTheMatrix.jpg"], ["id", 1]]
  [1m[35m (0.9ms)[0m  [1m[35mCOMMIT[0m
  [1m[36mCharacter Load (0.5ms)[0m  [1m[34mSELECT "characters".* FROM "characters" WHERE "characters"."name" = $1 ORDER BY "characters"."id" ASC LIMIT $2 OFFSET $3[0m  [["name", "Trinity"], ["LIMIT", 1], ["OFFSET", 1]]
  [1m[36mCharacter Load (0.7ms)[0m  [1m[34mSELECT "characters".* FROM "characters" WHERE "characters"."name" = $1 ORDER BY "characters"."id" ASC LIMIT $2[0m  [["name", "Trinity"], ["LIMIT", 1]]
  [1m[35m (0.3ms)[0m  [1m[35mBEGIN[0m
  [1m[36mCharacter Update (1.3ms)[0m  [1m[33mUPDATE "characters" SET "img_url" = $1 WHERE "characters"."id" = $2[0m  [["img_url", "https://upload.wikimedia.org/wikipedia/en/thumb/7/7a/MatrixTrinity.jpg/220px-MatrixTrinity.jpg"], ["id", 2]]
  [1m[35m (3.1ms)[0m  [1m[35mCOMMIT[0m
  [1m[36mCharacter Load (17.6ms)[0m  [1m[34mSELECT "characters".* FROM "characters" WHERE "characters"."name" = $1 ORDER BY "characters"."id" ASC LIMIT $2[0m  [["name", "Morpheus"], ["LIMIT", 1]]
  [1m[35m (12.6ms)[0m  [1m[35mBEGIN[0m
  [1m[36mCharacter Update (9.2ms)[0m  [1m[33mUPDATE "characters" SET "img_url" = $1 WHERE "characters"."id" = $2[0m  [["img_url", "https://vignette.wikia.nocookie.net/matrix/images/9/9b/Morpheus1.jpg/revision/latest?cb=20090501203241"], ["id", 3]]
  [1m[35m (6.5ms)[0m  [1m[35mCOMMIT[0m
  [1m[36mCharacter Load (11.5ms)[0m  [1m[34mSELECT "characters".* FROM "characters" WHERE "characters"."name" = $1 ORDER BY "characters"."id" ASC LIMIT $2[0m  [["name", "Agent Smith"], ["LIMIT", 1]]
  [1m[35m (0.6ms)[0m  [1m[35mBEGIN[0m
  [1m[36mCharacter Update (0.7ms)[0m  [1m[33mUPDATE "characters" SET "img_url" = $1 WHERE "characters"."id" = $2[0m  [["img_url", "https://upload.wikimedia.org/wikipedia/en/thumb/1/1f/Agent_Smith_%28The_Matrix_series_character%29.jpg/220px-Agent_Smith_%28The_Matrix_series_character%29.jpg"], ["id", 4]]
  [1m[35m (3.6ms)[0m  [1m[35mCOMMIT[0m
  [1m[36mCharacter Load (0.4ms)[0m  [1m[34mSELECT "characters".* FROM "characters" LIMIT $1[0m  [["LIMIT", 11]]
  [1m[35m (5.3ms)[0m  [1m[34mSELECT COUNT(*) FROM "characters"[0m
  [1m[36mCharacter Load (0.3ms)[0m  [1m[34mSELECT "characters".* FROM "characters" WHERE "characters"."id" = $1 LIMIT $2[0m  [["id", 4], ["LIMIT", 1]]
  [1m[35m (0.2ms)[0m  [1m[35mBEGIN[0m
  [1m[36mCharacter Destroy (0.5ms)[0m  [1m[31mDELETE FROM "characters" WHERE "characters"."id" = $1[0m  [["id", 4]]
  [1m[35m (1.6ms)[0m  [1m[35mCOMMIT[0m
  [1m[35m (0.2ms)[0m  [1m[35mBEGIN[0m
  [1m[36mCharacter Create (0.6ms)[0m  [1m[32mINSERT INTO "characters" ("name") VALUES ($1) RETURNING "id"[0m  [["name", "The Oracle"]]
  [1m[35m (3.9ms)[0m  [1m[35mCOMMIT[0m
  [1m[35m (4.0ms)[0m  [1m[34mSELECT pg_try_advisory_lock(5139738239422645845)[0m
  [1m[35m (3.2ms)[0m  [1m[34mSELECT "schema_migrations"."version" FROM "schema_migrations" ORDER BY "schema_migrations"."version" ASC[0m
Migrating to CreateVehicles (20191206011344)
  [1m[35m (0.3ms)[0m  [1m[35mBEGIN[0m
  [1m[35m (13.8ms)[0m  [1m[35mCREATE TABLE "vehicles" ("id" bigserial primary key, "name" character varying, "style" character varying)[0m
  [1m[36mprimary::SchemaMigration Create (0.5ms)[0m  [1m[32mINSERT INTO "schema_migrations" ("version") VALUES ($1) RETURNING "version"[0m  [["version", "20191206011344"]]
  [1m[35m (1.2ms)[0m  [1m[35mCOMMIT[0m
  [1m[36mActiveRecord::InternalMetadata Load (0.6ms)[0m  [1m[34mSELECT "ar_internal_metadata".* FROM "ar_internal_metadata" WHERE "ar_internal_metadata"."key" = $1 LIMIT $2[0m  [["key", "environment"], ["LIMIT", 1]]
  [1m[35m (0.4ms)[0m  [1m[34mSELECT pg_advisory_unlock(5139738239422645845)[0m
  [1m[35m (0.6ms)[0m  [1m[34mSELECT "schema_migrations"."version" FROM "schema_migrations" ORDER BY "schema_migrations"."version" ASC[0m
  [1m[35m (0.6ms)[0m  [1m[34mSELECT "schema_migrations"."version" FROM "schema_migrations" ORDER BY "schema_migrations"."version" ASC[0m
  [1m[35m (0.7ms)[0m  [1m[34mSELECT "schema_migrations"."version" FROM "schema_migrations" ORDER BY "schema_migrations"."version" ASC[0m
  [1m[35m (0.1ms)[0m  [1m[35mBEGIN[0m
  [1m[36mCharacter Create (0.6ms)[0m  [1m[32mINSERT INTO "characters" ("name", "description") VALUES ($1, $2) RETURNING "id"[0m  [["name", "Neo"], ["description", "The main protagonist"]]
  [1m[35m (0.6ms)[0m  [1m[35mCOMMIT[0m
  [1m[35m (0.2ms)[0m  [1m[35mBEGIN[0m
  [1m[36mCharacter Create (0.4ms)[0m  [1m[32mINSERT INTO "characters" ("name", "description") VALUES ($1, $2) RETURNING "id"[0m  [["name", "Trinity"], ["description", "A computer programmer and a hacker who escaped from the Matrix"]]
  [1m[35m (0.5ms)[0m  [1m[35mCOMMIT[0m
  [1m[35m (0.1ms)[0m  [1m[35mBEGIN[0m
  [1m[36mCharacter Create (0.2ms)[0m  [1m[32mINSERT INTO "characters" ("name", "description") VALUES ($1, $2) RETURNING "id"[0m  [["name", "Morpheus"], ["description", "Captain of the Nebuchadnezzar"]]
  [1m[35m (0.5ms)[0m  [1m[35mCOMMIT[0m
  [1m[35m (0.2ms)[0m  [1m[35mBEGIN[0m
  [1m[36mCharacter Create (0.3ms)[0m  [1m[32mINSERT INTO "characters" ("name", "description") VALUES ($1, $2) RETURNING "id"[0m  [["name", "Agent Smith"], ["description", "The primary antagonist"]]
  [1m[35m (0.4ms)[0m  [1m[35mCOMMIT[0m
  [1m[35m (0.6ms)[0m  [1m[34mSELECT "schema_migrations"."version" FROM "schema_migrations" ORDER BY "schema_migrations"."version" ASC[0m
  [1m[35m (0.1ms)[0m  [1m[35mBEGIN[0m
  [1m[36mCharacter Create (0.6ms)[0m  [1m[32mINSERT INTO "characters" ("name", "description") VALUES ($1, $2) RETURNING "id"[0m  [["name", "Neo"], ["description", "The main protagonist"]]
  [1m[35m (0.6ms)[0m  [1m[35mCOMMIT[0m
  [1m[35m (0.1ms)[0m  [1m[35mBEGIN[0m
  [1m[36mCharacter Create (0.3ms)[0m  [1m[32mINSERT INTO "characters" ("name", "description") VALUES ($1, $2) RETURNING "id"[0m  [["name", "Trinity"], ["description", "A computer programmer and a hacker who escaped from the Matrix"]]
  [1m[35m (0.4ms)[0m  [1m[35mCOMMIT[0m
  [1m[35m (0.1ms)[0m  [1m[35mBEGIN[0m
  [1m[36mCharacter Create (0.2ms)[0m  [1m[32mINSERT INTO "characters" ("name", "description") VALUES ($1, $2) RETURNING "id"[0m  [["name", "Morpheus"], ["description", "Captain of the Nebuchadnezzar"]]
  [1m[35m (0.5ms)[0m  [1m[35mCOMMIT[0m
  [1m[35m (0.2ms)[0m  [1m[35mBEGIN[0m
  [1m[36mCharacter Create (0.4ms)[0m  [1m[32mINSERT INTO "characters" ("name", "description") VALUES ($1, $2) RETURNING "id"[0m  [["name", "Agent Smith"], ["description", "The primary antagonist"]]
  [1m[35m (0.4ms)[0m  [1m[35mCOMMIT[0m
  [1m[35m (0.7ms)[0m  [1m[34mSELECT "schema_migrations"."version" FROM "schema_migrations" ORDER BY "schema_migrations"."version" ASC[0m
  [1m[35m (0.2ms)[0m  [1m[35mBEGIN[0m
  [1m[36mCharacter Create (0.6ms)[0m  [1m[32mINSERT INTO "characters" ("name", "description") VALUES ($1, $2) RETURNING "id"[0m  [["name", "Neo"], ["description", "The main protagonist"]]
  [1m[35m (0.6ms)[0m  [1m[35mCOMMIT[0m
  [1m[35m (0.1ms)[0m  [1m[35mBEGIN[0m
  [1m[36mCharacter Create (0.3ms)[0m  [1m[32mINSERT INTO "characters" ("name", "description") VALUES ($1, $2) RETURNING "id"[0m  [["name", "Trinity"], ["description", "A computer programmer and a hacker who escaped from the Matrix"]]
  [1m[35m (0.5ms)[0m  [1m[35mCOMMIT[0m
  [1m[35m (0.1ms)[0m  [1m[35mBEGIN[0m
  [1m[36mCharacter Create (0.3ms)[0m  [1m[32mINSERT INTO "characters" ("name", "description") VALUES ($1, $2) RETURNING "id"[0m  [["name", "Morpheus"], ["description", "Captain of the Nebuchadnezzar"]]
  [1m[35m (0.4ms)[0m  [1m[35mCOMMIT[0m
  [1m[35m (0.1ms)[0m  [1m[35mBEGIN[0m
  [1m[36mCharacter Create (0.2ms)[0m  [1m[32mINSERT INTO "characters" ("name", "description") VALUES ($1, $2) RETURNING "id"[0m  [["name", "Agent Smith"], ["description", "The primary antagonist"]]
  [1m[35m (0.5ms)[0m  [1m[35mCOMMIT[0m
  [1m[35m (0.1ms)[0m  [1m[35mBEGIN[0m
  [1m[36mVehicle Create (1.2ms)[0m  [1m[32mINSERT INTO "vehicles" ("name", "style") VALUES ($1, $2) RETURNING "id"[0m  [["name", "Nebuchadnezzar"], ["style", "Spaceship"]]
  [1m[35m (0.4ms)[0m  [1m[35mCOMMIT[0m
  [1m[35m (0.2ms)[0m  [1m[34mSELECT pg_try_advisory_lock(5139738239422645845)[0m
  [1m[35m (1.2ms)[0m  [1m[34mSELECT "schema_migrations"."version" FROM "schema_migrations" ORDER BY "schema_migrations"."version" ASC[0m
Migrating to AddVehicleIdToCharacters (20191206012333)
  [1m[35m (0.4ms)[0m  [1m[35mBEGIN[0m
  [1m[35m (1.7ms)[0m  [1m[35mALTER TABLE "characters" ADD "vehicle_id" integer[0m
  [1m[36mprimary::SchemaMigration Create (0.5ms)[0m  [1m[32mINSERT INTO "schema_migrations" ("version") VALUES ($1) RETURNING "version"[0m  [["version", "20191206012333"]]
  [1m[35m (1.8ms)[0m  [1m[35mCOMMIT[0m
  [1m[36mActiveRecord::InternalMetadata Load (0.4ms)[0m  [1m[34mSELECT "ar_internal_metadata".* FROM "ar_internal_metadata" WHERE "ar_internal_metadata"."key" = $1 LIMIT $2[0m  [["key", "environment"], ["LIMIT", 1]]
  [1m[35m (0.4ms)[0m  [1m[34mSELECT pg_advisory_unlock(5139738239422645845)[0m
  [1m[35m (0.7ms)[0m  [1m[34mSELECT "schema_migrations"."version" FROM "schema_migrations" ORDER BY "schema_migrations"."version" ASC[0m
  [1m[36mCharacter Load (0.4ms)[0m  [1m[34mSELECT "characters".* FROM "characters" WHERE "characters"."id" = $1 LIMIT $2[0m  [["id", 2], ["LIMIT", 1]]
  [1m[35m (0.5ms)[0m  [1m[34mSELECT COUNT(*) FROM "characters"[0m
  [1m[36mCharacter Load (0.3ms)[0m  [1m[34mSELECT "characters".* FROM "characters" WHERE "characters"."id" = $1 LIMIT $2[0m  [["id", 6], ["LIMIT", 1]]
  [1m[35m (3.6ms)[0m  [1m[35mBEGIN[0m
  [1m[36mCharacter Destroy (0.5ms)[0m  [1m[31mDELETE FROM "characters" WHERE "characters"."id" = $1[0m  [["id", 6]]
  [1m[35m (1.6ms)[0m  [1m[35mCOMMIT[0m
  [1m[36mCharacter Load (0.7ms)[0m  [1m[34mSELECT "characters".* FROM "characters" WHERE "characters"."id" = $1 LIMIT $2[0m  [["id", 7], ["LIMIT", 1]]
  [1m[35m (0.2ms)[0m  [1m[35mBEGIN[0m
  [1m[36mCharacter Destroy (0.5ms)[0m  [1m[31mDELETE FROM "characters" WHERE "characters"."id" = $1[0m  [["id", 7]]
  [1m[35m (0.8ms)[0m  [1m[35mCOMMIT[0m
  [1m[36mCharacter Load (0.8ms)[0m  [1m[34mSELECT "characters".* FROM "characters" WHERE "characters"."id" = $1 LIMIT $2[0m  [["id", 8], ["LIMIT", 1]]
  [1m[35m (0.3ms)[0m  [1m[35mBEGIN[0m
  [1m[36mCharacter Destroy (0.4ms)[0m  [1m[31mDELETE FROM "characters" WHERE "characters"."id" = $1[0m  [["id", 8]]
  [1m[35m (0.8ms)[0m  [1m[35mCOMMIT[0m
  [1m[36mCharacter Load (1.1ms)[0m  [1m[34mSELECT "characters".* FROM "characters" WHERE "characters"."id" = $1 LIMIT $2[0m  [["id", 9], ["LIMIT", 1]]
  [1m[35m (0.2ms)[0m  [1m[35mBEGIN[0m
  [1m[36mCharacter Destroy (0.4ms)[0m  [1m[31mDELETE FROM "characters" WHERE "characters"."id" = $1[0m  [["id", 9]]
  [1m[35m (0.5ms)[0m  [1m[35mCOMMIT[0m
  [1m[36mCharacter Load (0.7ms)[0m  [1m[34mSELECT "characters".* FROM "characters" WHERE "characters"."id" = $1 LIMIT $2[0m  [["id", 10], ["LIMIT", 1]]
  [1m[35m (0.2ms)[0m  [1m[35mBEGIN[0m
  [1m[36mCharacter Destroy (0.3ms)[0m  [1m[31mDELETE FROM "characters" WHERE "characters"."id" = $1[0m  [["id", 10]]
  [1m[35m (0.7ms)[0m  [1m[35mCOMMIT[0m
  [1m[36mCharacter Load (0.8ms)[0m  [1m[34mSELECT "characters".* FROM "characters" WHERE "characters"."id" = $1 LIMIT $2[0m  [["id", 11], ["LIMIT", 1]]
  [1m[35m (0.2ms)[0m  [1m[35mBEGIN[0m
  [1m[36mCharacter Destroy (0.4ms)[0m  [1m[31mDELETE FROM "characters" WHERE "characters"."id" = $1[0m  [["id", 11]]
  [1m[35m (0.7ms)[0m  [1m[35mCOMMIT[0m
  [1m[36mCharacter Load (1.0ms)[0m  [1m[34mSELECT "characters".* FROM "characters" WHERE "characters"."id" = $1 LIMIT $2[0m  [["id", 12], ["LIMIT", 1]]
  [1m[35m (0.3ms)[0m  [1m[35mBEGIN[0m
  [1m[36mCharacter Destroy (0.6ms)[0m  [1m[31mDELETE FROM "characters" WHERE "characters"."id" = $1[0m  [["id", 12]]
  [1m[35m (0.9ms)[0m  [1m[35mCOMMIT[0m
  [1m[36mCharacter Load (7.6ms)[0m  [1m[34mSELECT "characters".* FROM "characters" WHERE "characters"."id" = $1 LIMIT $2[0m  [["id", 13], ["LIMIT", 1]]
  [1m[35m (6.4ms)[0m  [1m[35mBEGIN[0m
  [1m[36mCharacter Destroy (5.4ms)[0m  [1m[31mDELETE FROM "characters" WHERE "characters"."id" = $1[0m  [["id", 13]]
  [1m[35m (2.2ms)[0m  [1m[35mCOMMIT[0m
  [1m[36mCharacter Load (0.5ms)[0m  [1m[34mSELECT "characters".* FROM "characters" WHERE "characters"."id" = $1 LIMIT $2[0m  [["id", 14], ["LIMIT", 1]]
  [1m[35m (0.3ms)[0m  [1m[35mBEGIN[0m
  [1m[36mCharacter Destroy (0.6ms)[0m  [1m[31mDELETE FROM "characters" WHERE "characters"."id" = $1[0m  [["id", 14]]
  [1m[35m (0.7ms)[0m  [1m[35mCOMMIT[0m
  [1m[36mCharacter Load (0.3ms)[0m  [1m[34mSELECT "characters".* FROM "characters" WHERE "characters"."id" = $1 LIMIT $2[0m  [["id", 15], ["LIMIT", 1]]
  [1m[35m (12.1ms)[0m  [1m[35mBEGIN[0m
  [1m[36mCharacter Destroy (0.6ms)[0m  [1m[31mDELETE FROM "characters" WHERE "characters"."id" = $1[0m  [["id", 15]]
  [1m[35m (0.5ms)[0m  [1m[35mCOMMIT[0m
  [1m[36mCharacter Load (0.5ms)[0m  [1m[34mSELECT "characters".* FROM "characters" WHERE "characters"."id" = $1 LIMIT $2[0m  [["id", 16], ["LIMIT", 1]]
  [1m[35m (0.3ms)[0m  [1m[35mBEGIN[0m
  [1m[36mCharacter Destroy (0.6ms)[0m  [1m[31mDELETE FROM "characters" WHERE "characters"."id" = $1[0m  [["id", 16]]
  [1m[35m (0.8ms)[0m  [1m[35mCOMMIT[0m
  [1m[36mCharacter Load (0.5ms)[0m  [1m[34mSELECT "characters".* FROM "characters" WHERE "characters"."id" = $1 LIMIT $2[0m  [["id", 17], ["LIMIT", 1]]
  [1m[35m (0.2ms)[0m  [1m[35mBEGIN[0m
  [1m[36mCharacter Destroy (0.4ms)[0m  [1m[31mDELETE FROM "characters" WHERE "characters"."id" = $1[0m  [["id", 17]]
  [1m[35m (0.8ms)[0m  [1m[35mCOMMIT[0m
  [1m[36mCharacter Load (0.4ms)[0m  [1m[34mSELECT "characters".* FROM "characters" WHERE "characters"."id" = $1 LIMIT $2[0m  [["id", 2], ["LIMIT", 1]]
  [1m[36mCharacter Load (0.3ms)[0m  [1m[34mSELECT "characters".* FROM "characters" WHERE "characters"."id" = $1 LIMIT $2[0m  [["id", 3], ["LIMIT", 1]]
  [1m[35m (0.7ms)[0m  [1m[35mBEGIN[0m
  [1m[36mVehicle Load (0.4ms)[0m  [1m[34mSELECT "vehicles".* FROM "vehicles" WHERE "vehicles"."id" = $1 LIMIT $2[0m  [["id", 1], ["LIMIT", 1]]
  [1m[36mCharacter Update (0.5ms)[0m  [1m[33mUPDATE "characters" SET "vehicle_id" = $1 WHERE "characters"."id" = $2[0m  [["vehicle_id", 1], ["id", 2]]
  [1m[35m (0.8ms)[0m  [1m[35mCOMMIT[0m
  [1m[35m (0.2ms)[0m  [1m[35mBEGIN[0m
  [1m[36mVehicle Load (0.3ms)[0m  [1m[34mSELECT "vehicles".* FROM "vehicles" WHERE "vehicles"."id" = $1 LIMIT $2[0m  [["id", 1], ["LIMIT", 1]]
  [1m[36mCharacter Update (0.8ms)[0m  [1m[33mUPDATE "characters" SET "vehicle_id" = $1 WHERE "characters"."id" = $2[0m  [["vehicle_id", 1], ["id", 3]]
  [1m[35m (0.6ms)[0m  [1m[35mCOMMIT[0m
