  [1m[35m (431.4ms)[0m  [1m[35mCREATE DATABASE "todo_app_api_development" ENCODING = 'unicode'[0m
  ↳ /Users/donovan/.rvm/gems/ruby-2.6.3/gems/rake-12.3.3/lib/rake/task.rb:273
  [1m[35m (433.3ms)[0m  [1m[35mCREATE DATABASE "todo_app_api_test" ENCODING = 'unicode'[0m
  ↳ /Users/donovan/.rvm/gems/ruby-2.6.3/gems/rake-12.3.3/lib/rake/task.rb:273
  [1m[35m (21.6ms)[0m  [1m[35mCREATE TABLE "schema_migrations" ("version" character varying NOT NULL PRIMARY KEY)[0m
  ↳ /Users/donovan/.rvm/gems/ruby-2.6.3/gems/rake-12.3.3/lib/rake/task.rb:273
  [1m[35m (24.8ms)[0m  [1m[35mCREATE TABLE "ar_internal_metadata" ("key" character varying NOT NULL PRIMARY KEY, "value" character varying, "created_at" timestamp NOT NULL, "updated_at" timestamp NOT NULL)[0m
  ↳ /Users/donovan/.rvm/gems/ruby-2.6.3/gems/rake-12.3.3/lib/rake/task.rb:273
  [1m[35m (0.3ms)[0m  [1m[34mSELECT pg_try_advisory_lock(5997650187644386950)[0m
  ↳ /Users/donovan/.rvm/gems/ruby-2.6.3/gems/rake-12.3.3/lib/rake/task.rb:273
  [1m[35m (0.4ms)[0m  [1m[34mSELECT "schema_migrations"."version" FROM "schema_migrations" ORDER BY "schema_migrations"."version" ASC[0m
  ↳ /Users/donovan/.rvm/gems/ruby-2.6.3/gems/rake-12.3.3/lib/rake/task.rb:273
Migrating to CreateTodos (20190903143903)
  [1m[35m (0.1ms)[0m  [1m[35mBEGIN[0m
  ↳ /Users/donovan/.rvm/gems/ruby-2.6.3/gems/rake-12.3.3/lib/rake/task.rb:273
  [1m[35m (14.8ms)[0m  [1m[35mCREATE TABLE "todos" ("id" bigserial primary key, "title" character varying, "completed" boolean)[0m
  ↳ db/migrate/20190903143903_create_todos.rb:3
  [1m[36mActiveRecord::SchemaMigration Create (0.5ms)[0m  [1m[32mINSERT INTO "schema_migrations" ("version") VALUES ($1) RETURNING "version"[0m  [["version", "20190903143903"]]
  ↳ /Users/donovan/.rvm/gems/ruby-2.6.3/gems/rake-12.3.3/lib/rake/task.rb:273
  [1m[35m (5.0ms)[0m  [1m[35mCOMMIT[0m
  ↳ /Users/donovan/.rvm/gems/ruby-2.6.3/gems/rake-12.3.3/lib/rake/task.rb:273
  [1m[36mActiveRecord::InternalMetadata Load (0.3ms)[0m  [1m[34mSELECT  "ar_internal_metadata".* FROM "ar_internal_metadata" WHERE "ar_internal_metadata"."key" = $1 LIMIT $2[0m  [["key", "environment"], ["LIMIT", 1]]
  ↳ /Users/donovan/.rvm/gems/ruby-2.6.3/gems/rake-12.3.3/lib/rake/task.rb:273
  [1m[35m (0.1ms)[0m  [1m[35mBEGIN[0m
  ↳ /Users/donovan/.rvm/gems/ruby-2.6.3/gems/rake-12.3.3/lib/rake/task.rb:273
  [1m[36mActiveRecord::InternalMetadata Create (0.4ms)[0m  [1m[32mINSERT INTO "ar_internal_metadata" ("key", "value", "created_at", "updated_at") VALUES ($1, $2, $3, $4) RETURNING "key"[0m  [["key", "environment"], ["value", "development"], ["created_at", "2019-09-03 14:43:49.045192"], ["updated_at", "2019-09-03 14:43:49.045192"]]
  ↳ /Users/donovan/.rvm/gems/ruby-2.6.3/gems/rake-12.3.3/lib/rake/task.rb:273
  [1m[35m (6.0ms)[0m  [1m[35mCOMMIT[0m
  ↳ /Users/donovan/.rvm/gems/ruby-2.6.3/gems/rake-12.3.3/lib/rake/task.rb:273
  [1m[35m (0.2ms)[0m  [1m[34mSELECT pg_advisory_unlock(5997650187644386950)[0m
  ↳ /Users/donovan/.rvm/gems/ruby-2.6.3/gems/rake-12.3.3/lib/rake/task.rb:273
  [1m[35m (0.2ms)[0m  [1m[34mSELECT "schema_migrations"."version" FROM "schema_migrations" ORDER BY "schema_migrations"."version" ASC[0m
  ↳ /Users/donovan/.rvm/gems/ruby-2.6.3/gems/rake-12.3.3/lib/rake/task.rb:273
  [1m[36mTodo Load (0.3ms)[0m  [1m[34mSELECT  "todos".* FROM "todos" LIMIT $1[0m  [["LIMIT", 11]]
  [1m[35m (1.0ms)[0m  [1m[34mSELECT COUNT(*) FROM "todos"[0m
  [1m[35m (0.1ms)[0m  [1m[35mBEGIN[0m
  [1m[36mTodo Create (0.6ms)[0m  [1m[32mINSERT INTO "todos" ("title", "completed") VALUES ($1, $2) RETURNING "id"[0m  [["title", "Something"], ["completed", false]]
  [1m[35m (0.7ms)[0m  [1m[35mCOMMIT[0m
  [1m[36mTodo Load (0.4ms)[0m  [1m[34mSELECT  "todos".* FROM "todos" LIMIT $1[0m  [["LIMIT", 11]]
  [1m[35m (0.5ms)[0m  [1m[34mSELECT COUNT(*) FROM "todos"[0m
  [1m[36mTodo Load (0.3ms)[0m  [1m[34mSELECT  "todos".* FROM "todos" WHERE "todos"."id" = $1 LIMIT $2[0m  [["id", 1], ["LIMIT", 1]]
  [1m[35m (0.2ms)[0m  [1m[35mBEGIN[0m
  [1m[36mTodo Create (0.3ms)[0m  [1m[32mINSERT INTO "todos" ("title", "completed") VALUES ($1, $2) RETURNING "id"[0m  [["title", "Something"], ["completed", true]]
  [1m[35m (1.0ms)[0m  [1m[35mCOMMIT[0m
  [1m[36mTodo Load (0.4ms)[0m  [1m[34mSELECT  "todos".* FROM "todos" LIMIT $1[0m  [["LIMIT", 11]]
  [1m[36mTodo Load (0.4ms)[0m  [1m[34mSELECT  "todos".* FROM "todos" WHERE "todos"."title" = $1 LIMIT $2[0m  [["title", "Something"], ["LIMIT", 11]]
  [1m[36mTodo Load (0.4ms)[0m  [1m[34mSELECT  "todos".* FROM "todos" WHERE "todos"."title" = $1 AND "todos"."completed" = $2 LIMIT $3[0m  [["title", "Something"], ["completed", true], ["LIMIT", 11]]
  [1m[36mTodo Load (0.4ms)[0m  [1m[34mSELECT  "todos".* FROM "todos" WHERE "todos"."id" = $1 LIMIT $2[0m  [["id", 1], ["LIMIT", 1]]
  [1m[35m (0.1ms)[0m  [1m[35mBEGIN[0m
  [1m[36mTodo Update (0.5ms)[0m  [1m[33mUPDATE "todos" SET "completed" = $1 WHERE "todos"."id" = $2[0m  [["completed", true], ["id", 1]]
  [1m[35m (1.0ms)[0m  [1m[35mCOMMIT[0m
  [1m[36mTodo Load (0.5ms)[0m  [1m[34mSELECT  "todos".* FROM "todos" WHERE "todos"."id" = $1 LIMIT $2[0m  [["id", 1], ["LIMIT", 1]]
  [1m[36mTodo Load (0.5ms)[0m  [1m[34mSELECT  "todos".* FROM "todos" WHERE "todos"."id" = $1 LIMIT $2[0m  [["id", 1], ["LIMIT", 1]]
  [1m[35m (0.2ms)[0m  [1m[35mBEGIN[0m
  [1m[36mTodo Destroy (0.3ms)[0m  [1m[31mDELETE FROM "todos" WHERE "todos"."id" = $1[0m  [["id", 1]]
  [1m[35m (1.1ms)[0m  [1m[35mCOMMIT[0m
  [1m[36mTodo Load (0.4ms)[0m  [1m[34mSELECT  "todos".* FROM "todos" LIMIT $1[0m  [["LIMIT", 11]]
  [1m[36mTodo Load (0.5ms)[0m  [1m[34mSELECT  "todos".* FROM "todos" WHERE "todos"."id" = $1 LIMIT $2[0m  [["id", 2], ["LIMIT", 1]]
  [1m[35m (0.2ms)[0m  [1m[35mBEGIN[0m
  [1m[36mTodo Destroy (0.3ms)[0m  [1m[31mDELETE FROM "todos" WHERE "todos"."id" = $1[0m  [["id", 2]]
  [1m[35m (1.0ms)[0m  [1m[35mCOMMIT[0m
  [1m[36mTodo Load (1.1ms)[0m  [1m[34mSELECT  "todos".* FROM "todos" LIMIT $1[0m  [["LIMIT", 11]]
  [1m[35m (0.2ms)[0m  [1m[34mSELECT pg_try_advisory_lock(5997650187644386950)[0m
  ↳ /Users/donovan/.rvm/gems/ruby-2.6.3/gems/rake-12.3.3/lib/rake/task.rb:273
  [1m[35m (0.7ms)[0m  [1m[34mSELECT "schema_migrations"."version" FROM "schema_migrations" ORDER BY "schema_migrations"."version" ASC[0m
  ↳ /Users/donovan/.rvm/gems/ruby-2.6.3/gems/rake-12.3.3/lib/rake/task.rb:273
Migrating to CreateUsers (20190903154050)
  [1m[35m (0.1ms)[0m  [1m[35mBEGIN[0m
  ↳ /Users/donovan/.rvm/gems/ruby-2.6.3/gems/rake-12.3.3/lib/rake/task.rb:273
  [1m[35m (28.8ms)[0m  [1m[35mCREATE TABLE "users" ("id" bigserial primary key, "name" character varying)[0m
  ↳ db/migrate/20190903154050_create_users.rb:3
  [1m[36mActiveRecord::SchemaMigration Create (0.4ms)[0m  [1m[32mINSERT INTO "schema_migrations" ("version") VALUES ($1) RETURNING "version"[0m  [["version", "20190903154050"]]
  ↳ /Users/donovan/.rvm/gems/ruby-2.6.3/gems/rake-12.3.3/lib/rake/task.rb:273
  [1m[35m (0.5ms)[0m  [1m[35mCOMMIT[0m
  ↳ /Users/donovan/.rvm/gems/ruby-2.6.3/gems/rake-12.3.3/lib/rake/task.rb:273
  [1m[36mActiveRecord::InternalMetadata Load (0.4ms)[0m  [1m[34mSELECT  "ar_internal_metadata".* FROM "ar_internal_metadata" WHERE "ar_internal_metadata"."key" = $1 LIMIT $2[0m  [["key", "environment"], ["LIMIT", 1]]
  ↳ /Users/donovan/.rvm/gems/ruby-2.6.3/gems/rake-12.3.3/lib/rake/task.rb:273
  [1m[35m (0.2ms)[0m  [1m[35mBEGIN[0m
  ↳ /Users/donovan/.rvm/gems/ruby-2.6.3/gems/rake-12.3.3/lib/rake/task.rb:273
  [1m[35m (0.2ms)[0m  [1m[35mCOMMIT[0m
  ↳ /Users/donovan/.rvm/gems/ruby-2.6.3/gems/rake-12.3.3/lib/rake/task.rb:273
  [1m[35m (0.2ms)[0m  [1m[34mSELECT pg_advisory_unlock(5997650187644386950)[0m
  ↳ /Users/donovan/.rvm/gems/ruby-2.6.3/gems/rake-12.3.3/lib/rake/task.rb:273
  [1m[35m (0.2ms)[0m  [1m[34mSELECT "schema_migrations"."version" FROM "schema_migrations" ORDER BY "schema_migrations"."version" ASC[0m
  ↳ /Users/donovan/.rvm/gems/ruby-2.6.3/gems/rake-12.3.3/lib/rake/task.rb:273
  [1m[35m (0.2ms)[0m  [1m[34mSELECT pg_try_advisory_lock(5997650187644386950)[0m
  ↳ /Users/donovan/.rvm/gems/ruby-2.6.3/gems/rake-12.3.3/lib/rake/task.rb:273
  [1m[35m (0.5ms)[0m  [1m[34mSELECT "schema_migrations"."version" FROM "schema_migrations" ORDER BY "schema_migrations"."version" ASC[0m
  ↳ /Users/donovan/.rvm/gems/ruby-2.6.3/gems/rake-12.3.3/lib/rake/task.rb:273
Migrating to AddUserIdToTodos (20190903154348)
  [1m[35m (0.2ms)[0m  [1m[35mBEGIN[0m
  ↳ /Users/donovan/.rvm/gems/ruby-2.6.3/gems/rake-12.3.3/lib/rake/task.rb:273
  [1m[35m (0.6ms)[0m  [1m[35mALTER TABLE "todos" ADD "user_id" integer[0m
  ↳ db/migrate/20190903154348_add_user_id_to_todos.rb:3
  [1m[36mActiveRecord::SchemaMigration Create (0.2ms)[0m  [1m[32mINSERT INTO "schema_migrations" ("version") VALUES ($1) RETURNING "version"[0m  [["version", "20190903154348"]]
  ↳ /Users/donovan/.rvm/gems/ruby-2.6.3/gems/rake-12.3.3/lib/rake/task.rb:273
  [1m[35m (6.2ms)[0m  [1m[35mCOMMIT[0m
  ↳ /Users/donovan/.rvm/gems/ruby-2.6.3/gems/rake-12.3.3/lib/rake/task.rb:273
  [1m[36mActiveRecord::InternalMetadata Load (0.4ms)[0m  [1m[34mSELECT  "ar_internal_metadata".* FROM "ar_internal_metadata" WHERE "ar_internal_metadata"."key" = $1 LIMIT $2[0m  [["key", "environment"], ["LIMIT", 1]]
  ↳ /Users/donovan/.rvm/gems/ruby-2.6.3/gems/rake-12.3.3/lib/rake/task.rb:273
  [1m[35m (0.1ms)[0m  [1m[35mBEGIN[0m
  ↳ /Users/donovan/.rvm/gems/ruby-2.6.3/gems/rake-12.3.3/lib/rake/task.rb:273
  [1m[35m (0.1ms)[0m  [1m[35mCOMMIT[0m
  ↳ /Users/donovan/.rvm/gems/ruby-2.6.3/gems/rake-12.3.3/lib/rake/task.rb:273
  [1m[35m (0.2ms)[0m  [1m[34mSELECT pg_advisory_unlock(5997650187644386950)[0m
  ↳ /Users/donovan/.rvm/gems/ruby-2.6.3/gems/rake-12.3.3/lib/rake/task.rb:273
  [1m[35m (0.2ms)[0m  [1m[34mSELECT "schema_migrations"."version" FROM "schema_migrations" ORDER BY "schema_migrations"."version" ASC[0m
  ↳ /Users/donovan/.rvm/gems/ruby-2.6.3/gems/rake-12.3.3/lib/rake/task.rb:273
  [1m[36mUser Load (0.4ms)[0m  [1m[34mSELECT  "users".* FROM "users" LIMIT $1[0m  [["LIMIT", 11]]
  [1m[35m (0.2ms)[0m  [1m[35mBEGIN[0m
  [1m[36mUser Create (0.9ms)[0m  [1m[32mINSERT INTO "users" ("name") VALUES ($1) RETURNING "id"[0m  [["name", "Schmitty"]]
  [1m[35m (0.5ms)[0m  [1m[35mCOMMIT[0m
  [1m[36mUser Load (0.3ms)[0m  [1m[34mSELECT  "users".* FROM "users" WHERE "users"."id" = $1 LIMIT $2[0m  [["id", 1], ["LIMIT", 1]]
  [1m[35m (0.2ms)[0m  [1m[35mBEGIN[0m
  [1m[36mTodo Create (0.4ms)[0m  [1m[32mINSERT INTO "todos" ("title", "completed", "user_id") VALUES ($1, $2, $3) RETURNING "id"[0m  [["title", "Learn migrations and ActiveRecord"], ["completed", false], ["user_id", 1]]
  [1m[35m (5.5ms)[0m  [1m[35mCOMMIT[0m
  [1m[36mUser Load (0.6ms)[0m  [1m[34mSELECT  "users".* FROM "users" WHERE "users"."id" = $1 LIMIT $2[0m  [["id", 1], ["LIMIT", 1]]
  [1m[36mTodo Load (0.7ms)[0m  [1m[34mSELECT  "todos".* FROM "todos" WHERE "todos"."user_id" = $1 LIMIT $2[0m  [["user_id", 1], ["LIMIT", 11]]
  [1m[36mTodo Load (0.5ms)[0m  [1m[34mSELECT  "todos".* FROM "todos" WHERE "todos"."user_id" = $1 LIMIT $2[0m  [["user_id", 1], ["LIMIT", 11]]
  [1m[35m (0.5ms)[0m  [1m[34mSELECT "schema_migrations"."version" FROM "schema_migrations" ORDER BY "schema_migrations"."version" ASC[0m
  ↳ /Users/donovan/.rvm/gems/ruby-2.6.3/gems/rake-12.3.3/lib/rake/task.rb:273
  [1m[35m (0.1ms)[0m  [1m[35mBEGIN[0m
  ↳ db/seeds.rb:8
  [1m[36mUser Create (0.4ms)[0m  [1m[32mINSERT INTO "users" ("name") VALUES ($1) RETURNING "id"[0m  [["name", "Neff"]]
  ↳ db/seeds.rb:8
  [1m[35m (6.2ms)[0m  [1m[35mCOMMIT[0m
  ↳ db/seeds.rb:8
  [1m[35m (0.1ms)[0m  [1m[35mBEGIN[0m
  ↳ db/seeds.rb:8
  [1m[36mUser Create (0.3ms)[0m  [1m[32mINSERT INTO "users" ("name") VALUES ($1) RETURNING "id"[0m  [["name", "Jacc"]]
  ↳ db/seeds.rb:8
  [1m[35m (5.6ms)[0m  [1m[35mCOMMIT[0m
  ↳ db/seeds.rb:8
  [1m[35m (0.2ms)[0m  [1m[35mBEGIN[0m
  ↳ db/seeds.rb:8
  [1m[36mUser Create (0.4ms)[0m  [1m[32mINSERT INTO "users" ("name") VALUES ($1) RETURNING "id"[0m  [["name", "Snoop"]]
  ↳ db/seeds.rb:8
  [1m[35m (0.4ms)[0m  [1m[35mCOMMIT[0m
  ↳ db/seeds.rb:8
  [1m[35m (0.1ms)[0m  [1m[35mBEGIN[0m
  ↳ db/seeds.rb:10
  [1m[36mUser Load (0.2ms)[0m  [1m[34mSELECT  "users".* FROM "users" WHERE "users"."id" = $1 LIMIT $2[0m  [["id", 1], ["LIMIT", 1]]
  ↳ db/seeds.rb:10
  [1m[36mTodo Create (0.3ms)[0m  [1m[32mINSERT INTO "todos" ("title", "completed", "user_id") VALUES ($1, $2, $3) RETURNING "id"[0m  [["title", "Accentuate the Positive"], ["completed", false], ["user_id", 1]]
  ↳ db/seeds.rb:10
  [1m[35m (0.3ms)[0m  [1m[35mCOMMIT[0m
  ↳ db/seeds.rb:10
  [1m[35m (0.1ms)[0m  [1m[35mBEGIN[0m
  ↳ db/seeds.rb:12
  [1m[36mUser Load (0.2ms)[0m  [1m[34mSELECT  "users".* FROM "users" WHERE "users"."id" = $1 LIMIT $2[0m  [["id", 1], ["LIMIT", 1]]
  ↳ db/seeds.rb:12
  [1m[36mTodo Create (0.2ms)[0m  [1m[32mINSERT INTO "todos" ("title", "completed", "user_id") VALUES ($1, $2, $3) RETURNING "id"[0m  [["title", "Eliminate the Negative"], ["completed", false], ["user_id", 1]]
  ↳ db/seeds.rb:12
  [1m[35m (0.3ms)[0m  [1m[35mCOMMIT[0m
  ↳ db/seeds.rb:12
  [1m[35m (0.1ms)[0m  [1m[35mBEGIN[0m
  ↳ db/seeds.rb:14
  [1m[36mUser Load (0.2ms)[0m  [1m[34mSELECT  "users".* FROM "users" WHERE "users"."id" = $1 LIMIT $2[0m  [["id", 2], ["LIMIT", 1]]
  ↳ db/seeds.rb:14
  [1m[36mTodo Create (0.2ms)[0m  [1m[32mINSERT INTO "todos" ("title", "completed", "user_id") VALUES ($1, $2, $3) RETURNING "id"[0m  [["title", "Latch on to the Affirmative"], ["completed", false], ["user_id", 2]]
  ↳ db/seeds.rb:14
  [1m[35m (0.3ms)[0m  [1m[35mCOMMIT[0m
  ↳ db/seeds.rb:14
  [1m[35m (0.1ms)[0m  [1m[35mBEGIN[0m
  ↳ db/seeds.rb:16
  [1m[36mUser Load (0.2ms)[0m  [1m[34mSELECT  "users".* FROM "users" WHERE "users"."id" = $1 LIMIT $2[0m  [["id", 3], ["LIMIT", 1]]
  ↳ db/seeds.rb:16
  [1m[36mTodo Create (0.2ms)[0m  [1m[32mINSERT INTO "todos" ("title", "completed", "user_id") VALUES ($1, $2, $3) RETURNING "id"[0m  [["title", "Don't mess with Mister In-Between"], ["completed", false], ["user_id", 3]]
  ↳ db/seeds.rb:16
  [1m[35m (0.3ms)[0m  [1m[35mCOMMIT[0m
  ↳ db/seeds.rb:16
  [1m[36mTodo Load (0.4ms)[0m  [1m[34mSELECT  "todos".* FROM "todos" LIMIT $1[0m  [["LIMIT", 11]]
  [1m[35m (0.2ms)[0m  [1m[34mSELECT pg_try_advisory_lock(5997650187644386950)[0m
  ↳ /Users/donovan/.rvm/gems/ruby-2.6.3/gems/rake-12.3.3/lib/rake/task.rb:273
  [1m[35m (0.8ms)[0m  [1m[34mSELECT "schema_migrations"."version" FROM "schema_migrations" ORDER BY "schema_migrations"."version" ASC[0m
  ↳ /Users/donovan/.rvm/gems/ruby-2.6.3/gems/rake-12.3.3/lib/rake/task.rb:273
Migrating to ChangeCompletedInTodosToIsdone (20190903161432)
  [1m[35m (0.2ms)[0m  [1m[35mBEGIN[0m
  ↳ /Users/donovan/.rvm/gems/ruby-2.6.3/gems/rake-12.3.3/lib/rake/task.rb:273
  [1m[35m (7.6ms)[0m  [1m[35mALTER TABLE "todos" RENAME COLUMN "completed" TO "isdone"[0m
  ↳ db/migrate/20190903161432_change_completed_in_todos_to_isdone.rb:3
  [1m[36mActiveRecord::SchemaMigration Create (0.4ms)[0m  [1m[32mINSERT INTO "schema_migrations" ("version") VALUES ($1) RETURNING "version"[0m  [["version", "20190903161432"]]
  ↳ /Users/donovan/.rvm/gems/ruby-2.6.3/gems/rake-12.3.3/lib/rake/task.rb:273
  [1m[35m (6.5ms)[0m  [1m[35mCOMMIT[0m
  ↳ /Users/donovan/.rvm/gems/ruby-2.6.3/gems/rake-12.3.3/lib/rake/task.rb:273
  [1m[36mActiveRecord::InternalMetadata Load (0.4ms)[0m  [1m[34mSELECT  "ar_internal_metadata".* FROM "ar_internal_metadata" WHERE "ar_internal_metadata"."key" = $1 LIMIT $2[0m  [["key", "environment"], ["LIMIT", 1]]
  ↳ /Users/donovan/.rvm/gems/ruby-2.6.3/gems/rake-12.3.3/lib/rake/task.rb:273
  [1m[35m (0.2ms)[0m  [1m[35mBEGIN[0m
  ↳ /Users/donovan/.rvm/gems/ruby-2.6.3/gems/rake-12.3.3/lib/rake/task.rb:273
  [1m[35m (0.3ms)[0m  [1m[35mCOMMIT[0m
  ↳ /Users/donovan/.rvm/gems/ruby-2.6.3/gems/rake-12.3.3/lib/rake/task.rb:273
  [1m[35m (0.3ms)[0m  [1m[34mSELECT pg_advisory_unlock(5997650187644386950)[0m
  ↳ /Users/donovan/.rvm/gems/ruby-2.6.3/gems/rake-12.3.3/lib/rake/task.rb:273
  [1m[35m (0.2ms)[0m  [1m[34mSELECT "schema_migrations"."version" FROM "schema_migrations" ORDER BY "schema_migrations"."version" ASC[0m
  ↳ /Users/donovan/.rvm/gems/ruby-2.6.3/gems/rake-12.3.3/lib/rake/task.rb:273
